[     144ms] [WARNING] <link rel=preload> must have a valid `as` value @ http://localhost:5173/node_modules/.vite/deps/react-dom_client.js?v=5871347d:19835
[     157ms] [WARNING] Module "node:async_hooks" has been externalized for browser compatibility. Cannot access "node:async_hooks.AsyncLocalStorage" in client code. See https://vite.dev/guide/troubleshooting.html#module-externalized-for-browser-compatibility for more details. @ http://localhost:5173/node_modules/.vite/deps/chunk-FAYENCSR.js?v=5871347d:11
[     193ms] The requested module '/node_modules/react/jsx-runtime.js?v=5871347d' does not provide an export named 'jsx'
[     164ms] [WARNING] %s

%s
 An error occurred in one of your React components. Consider adding an error boundary to your tree to customize error handling behavior.
Visit https://react.dev/link/error-boundaries to learn more about error boundaries. @ http://localhost:5173/node_modules/.vite/deps/react-dom_client.js?v=5871347d:6965
[  120751ms] [WARNING] <link rel=preload> must have a valid `as` value @ http://localhost:5173/node_modules/.vite/deps/react-dom_client.js?v=5871347d:19835
[  120785ms] The requested module '/node_modules/react/jsx-runtime.js?v=5871347d' does not provide an export named 'jsx'
[  120784ms] [WARNING] %s

%s
 An error occurred in one of your React components. Consider adding an error boundary to your tree to customize error handling behavior.
Visit https://react.dev/link/error-boundaries to learn more about error boundaries. @ http://localhost:5173/node_modules/.vite/deps/react-dom_client.js?v=5871347d:6965
[  120788ms] [WARNING] Module "node:async_hooks" has been externalized for browser compatibility. Cannot access "node:async_hooks.AsyncLocalStorage" in client code. See https://vite.dev/guide/troubleshooting.html#module-externalized-for-browser-compatibility for more details. @ http://localhost:5173/node_modules/.vite/deps/chunk-FAYENCSR.js?v=5871347d:11
[  300197ms] [WARNING] <link rel=preload> must have a valid `as` value @ http://localhost:5173/node_modules/.vite/deps/react-dom_client.js?v=5871347d:19835
[  300245ms] The requested module '/node_modules/react/jsx-runtime.js?v=5871347d' does not provide an export named 'jsx'
[  300244ms] [WARNING] %s

%s
 An error occurred in one of your React components. Consider adding an error boundary to your tree to customize error handling behavior.
Visit https://react.dev/link/error-boundaries to learn more about error boundaries. @ http://localhost:5173/node_modules/.vite/deps/react-dom_client.js?v=5871347d:6965
[  300247ms] [WARNING] Module "node:async_hooks" has been externalized for browser compatibility. Cannot access "node:async_hooks.AsyncLocalStorage" in client code. See https://vite.dev/guide/troubleshooting.html#module-externalized-for-browser-compatibility for more details. @ http://localhost:5173/node_modules/.vite/deps/chunk-FAYENCSR.js?v=5871347d:11
