[     140ms] [WARNING] <link rel=preload> must have a valid `as` value @ http://localhost:5173/node_modules/.vite/deps/react-dom_client.js?v=5871347d:19835
[     159ms] [WARNING] Module "node:async_hooks" has been externalized for browser compatibility. Cannot access "node:async_hooks.AsyncLocalStorage" in client code. See https://vite.dev/guide/troubleshooting.html#module-externalized-for-browser-compatibility for more details. @ http://localhost:5173/node_modules/.vite/deps/chunk-FAYENCSR.js?v=5871347d:11
[     187ms] The requested module '/node_modules/react/jsx-runtime.js?v=5871347d' does not provide an export named 'jsx'
[     161ms] [WARNING] %s

%s
 An error occurred in one of your React components. Consider adding an error boundary to your tree to customize error handling behavior.
Visit https://react.dev/link/error-boundaries to learn more about error boundaries. @ http://localhost:5173/node_modules/.vite/deps/react-dom_client.js?v=5871347d:6965
[  129129ms] The requested module '/node_modules/react/jsx-runtime.js?v=5871347d' does not provide an export named 'jsx'
[  129129ms] [WARNING] %s

%s
 An error occurred in one of your React components. Consider adding an error boundary to your tree to customize error handling behavior.
Visit https://react.dev/link/error-boundaries to learn more about error boundaries. @ http://localhost:5173/node_modules/.vite/deps/react-dom_client.js?v=5871347d:6965
[  129145ms] The requested module '/node_modules/react/jsx-runtime.js?v=5871347d' does not provide an export named 'jsx'
[  129144ms] [WARNING] %s

%s
 An error occurred in one of your React components. Consider adding an error boundary to your tree to customize error handling behavior.
Visit https://react.dev/link/error-boundaries to learn more about error boundaries. @ http://localhost:5173/node_modules/.vite/deps/react-dom_client.js?v=5871347d:6965
[  129159ms] The requested module '/node_modules/react/jsx-runtime.js?v=5871347d' does not provide an export named 'jsx'
[  129159ms] [WARNING] %s

%s
 An error occurred in one of your React components. Consider adding an error boundary to your tree to customize error handling behavior.
Visit https://react.dev/link/error-boundaries to learn more about error boundaries. @ http://localhost:5173/node_modules/.vite/deps/react-dom_client.js?v=5871347d:6965
[  129177ms] The requested module '/node_modules/react/jsx-runtime.js?v=5871347d' does not provide an export named 'jsx'
[  129177ms] [WARNING] %s

%s
 An error occurred in one of your React components. Consider adding an error boundary to your tree to customize error handling behavior.
Visit https://react.dev/link/error-boundaries to learn more about error boundaries. @ http://localhost:5173/node_modules/.vite/deps/react-dom_client.js?v=5871347d:6965
[  129244ms] The requested module '/node_modules/react/jsx-runtime.js?v=5871347d' does not provide an export named 'jsx'
[  129244ms] [WARNING] %s

%s
 An error occurred in one of your React components. Consider adding an error boundary to your tree to customize error handling behavior.
Visit https://react.dev/link/error-boundaries to learn more about error boundaries. @ http://localhost:5173/node_modules/.vite/deps/react-dom_client.js?v=5871347d:6965
[  129258ms] The requested module '/node_modules/react/jsx-runtime.js?v=5871347d' does not provide an export named 'jsx'
[  129259ms] [WARNING] %s

%s
 An error occurred in one of your React components. Consider adding an error boundary to your tree to customize error handling behavior.
Visit https://react.dev/link/error-boundaries to learn more about error boundaries. @ http://localhost:5173/node_modules/.vite/deps/react-dom_client.js?v=5871347d:6965
[  129274ms] The requested module '/node_modules/react/jsx-runtime.js?v=5871347d' does not provide an export named 'jsx'
[  129274ms] [WARNING] %s

%s
 An error occurred in one of your React components. Consider adding an error boundary to your tree to customize error handling behavior.
Visit https://react.dev/link/error-boundaries to learn more about error boundaries. @ http://localhost:5173/node_modules/.vite/deps/react-dom_client.js?v=5871347d:6965
[  129289ms] The requested module '/node_modules/react/jsx-runtime.js?v=5871347d' does not provide an export named 'jsx'
[  129289ms] [WARNING] %s

%s
 An error occurred in one of your React components. Consider adding an error boundary to your tree to customize error handling behavior.
Visit https://react.dev/link/error-boundaries to learn more about error boundaries. @ http://localhost:5173/node_modules/.vite/deps/react-dom_client.js?v=5871347d:6965
