[     185ms] [WARNING] <link rel=preload> must have a valid `as` value @ http://localhost:5173/node_modules/.vite/deps/react-dom_client.js?v=5871347d:19835
[     227ms] [WARNING] Module "node:async_hooks" has been externalized for browser compatibility. Cannot access "node:async_hooks.AsyncLocalStorage" in client code. See https://vite.dev/guide/troubleshooting.html#module-externalized-for-browser-compatibility for more details. @ http://localhost:5173/node_modules/.vite/deps/chunk-FAYENCSR.js?v=5871347d:11
[     261ms] The requested module '/node_modules/react/jsx-runtime.js?v=5871347d' does not provide an export named 'jsx'
[     242ms] [WARNING] %s

%s
 An error occurred in one of your React components. Consider adding an error boundary to your tree to customize error handling behavior.
Visit https://react.dev/link/error-boundaries to learn more about error boundaries. @ http://localhost:5173/node_modules/.vite/deps/react-dom_client.js?v=5871347d:6965
[   24242ms] [WARNING] <link rel=preload> must have a valid `as` value @ http://localhost:5173/node_modules/.vite/deps/react-dom_client.js?v=5871347d:19835
[   24256ms] [WARNING] Module "node:async_hooks" has been externalized for browser compatibility. Cannot access "node:async_hooks.AsyncLocalStorage" in client code. See https://vite.dev/guide/troubleshooting.html#module-externalized-for-browser-compatibility for more details. @ http://localhost:5173/node_modules/.vite/deps/chunk-FAYENCSR.js?v=5871347d:11
[   24280ms] The requested module '/node_modules/react/jsx-runtime.js?v=5871347d' does not provide an export named 'jsx'
[   24258ms] [WARNING] %s

%s
 An error occurred in one of your React components. Consider adding an error boundary to your tree to customize error handling behavior.
Visit https://react.dev/link/error-boundaries to learn more about error boundaries. @ http://localhost:5173/node_modules/.vite/deps/react-dom_client.js?v=5871347d:6965
[   38519ms] [WARNING] <link rel=preload> must have a valid `as` value @ http://localhost:5173/node_modules/.vite/deps/react-dom_client.js?v=5871347d:19835
[   38528ms] [WARNING] Module "node:async_hooks" has been externalized for browser compatibility. Cannot access "node:async_hooks.AsyncLocalStorage" in client code. See https://vite.dev/guide/troubleshooting.html#module-externalized-for-browser-compatibility for more details. @ http://localhost:5173/node_modules/.vite/deps/chunk-FAYENCSR.js?v=5871347d:11
[   38550ms] The requested module '/node_modules/react/jsx-runtime.js?v=5871347d' does not provide an export named 'jsx'
[   38530ms] [WARNING] %s

%s
 An error occurred in one of your React components. Consider adding an error boundary to your tree to customize error handling behavior.
Visit https://react.dev/link/error-boundaries to learn more about error boundaries. @ http://localhost:5173/node_modules/.vite/deps/react-dom_client.js?v=5871347d:6965
[  131743ms] [WARNING] <link rel=preload> must have a valid `as` value @ http://localhost:5173/node_modules/.vite/deps/react-dom_client.js?v=5871347d:19835
[  131775ms] The requested module '/node_modules/react/jsx-runtime.js?v=5871347d' does not provide an export named 'jsx'
[  131774ms] [WARNING] %s

%s
 An error occurred in one of your React components. Consider adding an error boundary to your tree to customize error handling behavior.
Visit https://react.dev/link/error-boundaries to learn more about error boundaries. @ http://localhost:5173/node_modules/.vite/deps/react-dom_client.js?v=5871347d:6965
[  131792ms] [WARNING] Module "node:async_hooks" has been externalized for browser compatibility. Cannot access "node:async_hooks.AsyncLocalStorage" in client code. See https://vite.dev/guide/troubleshooting.html#module-externalized-for-browser-compatibility for more details. @ http://localhost:5173/node_modules/.vite/deps/chunk-FAYENCSR.js?v=5871347d:11
