[     533ms] Error: Hydration failed because the server rendered HTML didn't match the client. As a result this tree will be regenerated on the client. This can happen if a SSR-ed Client Component used:

- A server/client branch `if (typeof window !== 'undefined')`.
- Variable input such as `Date.now()` or `Math.random()` which changes each time it's called.
- Date formatting in a user's locale which doesn't match the server.
- External changing data without sending a snapshot of it along with the HTML.
- Invalid HTML tag nesting.

It can also happen if the client has a browser extension installed which messes with the HTML before React loaded.

https://react.dev/link/hydration-mismatch

  ...
    <HTTPAccessFallbackBoundary notFound={<SegmentViewNode>} forbidden={undefined} unauthorized={undefined}>
      <HTTPAccessFallbackErrorBoundary pathname="/compliance" notFound={<SegmentViewNode>} forbidden={undefined} ...>
        <RedirectBoundary>
          <RedirectErrorBoundary router={{...}}>
            <InnerLayoutRouter url="/compliance" tree={[...]} params={{}} cacheNode={{...}} segmentPath={[...]} ...>
              <SegmentViewNode type="layout" pagePath="(app)/layo...">
                <SegmentTrieNode>
                <script>
                <script>
                <script>
                <script>
                <AppLayout>
                  <AppShell>
                    <div className="flex h-screen">
                      <AppSidebar open={false} onClose={function onClose}>
                        <aside className="hidden md:...">
                          <div>
                          <nav>
                          <div className="px-6 py-4 ...">
                            <LoadableComponent afterSignOutUrl="/">
+                             <Suspense fallback={<loading>}>
-                             <div className="w-8 h-8 rounded-full bg-brand/20 border border-brand/30">
                      ...
            ...

    at throwOnHydrationMismatch (http://localhost:3000/_next/static/chunks/node_modules_next_dist_compiled_react-dom_1e674e59._.js:3349:56)
    at updateSuspenseComponent (http://localhost:3000/_next/static/chunks/node_modules_next_dist_compiled_react-dom_1e674e59._.js:6331:99)
    at beginWork (http://localhost:3000/_next/static/chunks/node_modules_next_dist_compiled_react-dom_1e674e59._.js:6780:24)
    at runWithFiberInDEV (http://localhost:3000/_next/static/chunks/node_modules_next_dist_compiled_react-dom_1e674e59._.js:966:74)
    at performUnitOfWork (http://localhost:3000/_next/static/chunks/node_modules_next_dist_compiled_react-dom_1e674e59._.js:9563:97)
    at workLoopConcurrentByScheduler (http://localhost:3000/_next/static/chunks/node_modules_next_dist_compiled_react-dom_1e674e59._.js:9559:58)
    at renderRootConcurrent (http://localhost:3000/_next/static/chunks/node_modules_next_dist_compiled_react-dom_1e674e59._.js:9542:71)
    at performWorkOnRoot (http://localhost:3000/_next/static/chunks/node_modules_next_dist_compiled_react-dom_1e674e59._.js:9069:150)
    at performWorkOnRootViaSchedulerTask (http://localhost:3000/_next/static/chunks/node_modules_next_dist_compiled_react-dom_1e674e59._.js:10231:9)
    at MessagePort.performWorkUntilDeadline (http://localhost:3000/_next/static/chunks/node_modules_next_dist_compiled_a0e4c7b4._.js:2648:64)
[     592ms] [WARNING] Clerk: Clerk has been loaded with development keys. Development instances have strict usage limits and should not be used when deploying your application to production. Learn more: https://clerk.com/docs/deployments/overview @ http://localhost:3000/_next/static/chunks/node_modules_next_dist_f3530cac._.js:2298
[     592ms] [WARNING] Clerk: The prop "afterSignInUrl" is deprecated and should be replaced with the new "fallbackRedirectUrl" or "forceRedirectUrl" props instead. Learn more: https://clerk.com/docs/guides/custom-redirects#redirect-url-props @ http://localhost:3000/_next/static/chunks/node_modules_next_dist_f3530cac._.js:2298
[  205241ms] [ERROR] Failed to load resource: the server responded with a status of 400 (Bad Request) @ http://localhost:3000/api/integrity-check/report?format=pdf:0
[ 2389468ms] [WARNING] Clerk: Clerk has been loaded with development keys. Development instances have strict usage limits and should not be used when deploying your application to production. Learn more: https://clerk.com/docs/deployments/overview @ http://localhost:3000/_next/static/chunks/node_modules_next_dist_f3530cac._.js:2297
[ 2389468ms] [WARNING] Clerk: The prop "afterSignInUrl" is deprecated and should be replaced with the new "fallbackRedirectUrl" or "forceRedirectUrl" props instead. Learn more: https://clerk.com/docs/guides/custom-redirects#redirect-url-props @ http://localhost:3000/_next/static/chunks/node_modules_next_dist_f3530cac._.js:2297
[ 2389580ms] Error: Hydration failed because the server rendered HTML didn't match the client. As a result this tree will be regenerated on the client. This can happen if a SSR-ed Client Component used:

- A server/client branch `if (typeof window !== 'undefined')`.
- Variable input such as `Date.now()` or `Math.random()` which changes each time it's called.
- Date formatting in a user's locale which doesn't match the server.
- External changing data without sending a snapshot of it along with the HTML.
- Invalid HTML tag nesting.

It can also happen if the client has a browser extension installed which messes with the HTML before React loaded.

https://react.dev/link/hydration-mismatch

  ...
    <HTTPAccessFallbackBoundary notFound={<SegmentViewNode>} forbidden={undefined} unauthorized={undefined}>
      <HTTPAccessFallbackErrorBoundary pathname="/compliance" notFound={<SegmentViewNode>} forbidden={undefined} ...>
        <RedirectBoundary>
          <RedirectErrorBoundary router={{...}}>
            <InnerLayoutRouter url="/compliance" tree={[...]} params={{}} cacheNode={{...}} segmentPath={[...]} ...>
              <SegmentViewNode type="layout" pagePath="(app)/layo...">
                <SegmentTrieNode>
                <script>
                <script>
                <script>
                <script>
                <AppLayout>
                  <AppShell>
                    <div className="flex h-screen">
                      <AppSidebar open={false} onClose={function onClose}>
                        <aside className="hidden md:...">
                          <div>
                          <nav>
                          <div className="px-6 py-4 ...">
                            <LoadableComponent afterSignOutUrl="/">
+                             <Suspense fallback={<loading>}>
-                             <div className="w-8 h-8 rounded-full bg-brand/20 border border-brand/30">
                      ...
            ...

    at throwOnHydrationMismatch (http://localhost:3000/_next/static/chunks/node_modules_next_dist_compiled_react-dom_1e674e59._.js:3348:56)
    at updateSuspenseComponent (http://localhost:3000/_next/static/chunks/node_modules_next_dist_compiled_react-dom_1e674e59._.js:6330:99)
    at beginWork (http://localhost:3000/_next/static/chunks/node_modules_next_dist_compiled_react-dom_1e674e59._.js:6779:24)
    at runWithFiberInDEV (http://localhost:3000/_next/static/chunks/node_modules_next_dist_compiled_react-dom_1e674e59._.js:965:74)
    at performUnitOfWork (http://localhost:3000/_next/static/chunks/node_modules_next_dist_compiled_react-dom_1e674e59._.js:9562:97)
    at workLoopConcurrentByScheduler (http://localhost:3000/_next/static/chunks/node_modules_next_dist_compiled_react-dom_1e674e59._.js:9558:58)
    at renderRootConcurrent (http://localhost:3000/_next/static/chunks/node_modules_next_dist_compiled_react-dom_1e674e59._.js:9541:71)
    at performWorkOnRoot (http://localhost:3000/_next/static/chunks/node_modules_next_dist_compiled_react-dom_1e674e59._.js:9068:150)
    at performWorkOnRootViaSchedulerTask (http://localhost:3000/_next/static/chunks/node_modules_next_dist_compiled_react-dom_1e674e59._.js:10230:9)
    at MessagePort.performWorkUntilDeadline (http://localhost:3000/_next/static/chunks/node_modules_next_dist_compiled_a0e4c7b4._.js:2647:64)
[ 2453178ms] [WARNING] Clerk: Clerk has been loaded with development keys. Development instances have strict usage limits and should not be used when deploying your application to production. Learn more: https://clerk.com/docs/deployments/overview @ http://localhost:3000/_next/static/chunks/node_modules_next_dist_f3530cac._.js:2298
[ 2453178ms] [WARNING] Clerk: The prop "afterSignInUrl" is deprecated and should be replaced with the new "fallbackRedirectUrl" or "forceRedirectUrl" props instead. Learn more: https://clerk.com/docs/guides/custom-redirects#redirect-url-props @ http://localhost:3000/_next/static/chunks/node_modules_next_dist_f3530cac._.js:2298
[ 2453351ms] Error: Hydration failed because the server rendered HTML didn't match the client. As a result this tree will be regenerated on the client. This can happen if a SSR-ed Client Component used:

- A server/client branch `if (typeof window !== 'undefined')`.
- Variable input such as `Date.now()` or `Math.random()` which changes each time it's called.
- Date formatting in a user's locale which doesn't match the server.
- External changing data without sending a snapshot of it along with the HTML.
- Invalid HTML tag nesting.

It can also happen if the client has a browser extension installed which messes with the HTML before React loaded.

https://react.dev/link/hydration-mismatch

  ...
    <HTTPAccessFallbackBoundary notFound={<SegmentViewNode>} forbidden={undefined} unauthorized={undefined}>
      <HTTPAccessFallbackErrorBoundary pathname="/compliance" notFound={<SegmentViewNode>} forbidden={undefined} ...>
        <RedirectBoundary>
          <RedirectErrorBoundary router={{...}}>
            <InnerLayoutRouter url="/compliance" tree={[...]} params={{}} cacheNode={{...}} segmentPath={[...]} ...>
              <SegmentViewNode type="layout" pagePath="(app)/layo...">
                <SegmentTrieNode>
                <script>
                <script>
                <script>
                <script>
                <AppLayout>
                  <AppShell>
                    <div className="flex h-screen">
                      <AppSidebar open={false} onClose={function onClose}>
                        <aside className="hidden md:...">
                          <div>
                          <nav>
                          <div className="px-6 py-4 ...">
                            <LoadableComponent afterSignOutUrl="/">
+                             <Suspense fallback={<loading>}>
-                             <div className="w-8 h-8 rounded-full bg-brand/20 border border-brand/30">
                      ...
            ...

    at throwOnHydrationMismatch (http://localhost:3000/_next/static/chunks/node_modules_next_dist_compiled_react-dom_1e674e59._.js:3349:56)
    at updateSuspenseComponent (http://localhost:3000/_next/static/chunks/node_modules_next_dist_compiled_react-dom_1e674e59._.js:6331:99)
    at beginWork (http://localhost:3000/_next/static/chunks/node_modules_next_dist_compiled_react-dom_1e674e59._.js:6780:24)
    at runWithFiberInDEV (http://localhost:3000/_next/static/chunks/node_modules_next_dist_compiled_react-dom_1e674e59._.js:966:74)
    at performUnitOfWork (http://localhost:3000/_next/static/chunks/node_modules_next_dist_compiled_react-dom_1e674e59._.js:9563:97)
    at workLoopConcurrentByScheduler (http://localhost:3000/_next/static/chunks/node_modules_next_dist_compiled_react-dom_1e674e59._.js:9559:58)
    at renderRootConcurrent (http://localhost:3000/_next/static/chunks/node_modules_next_dist_compiled_react-dom_1e674e59._.js:9542:71)
    at performWorkOnRoot (http://localhost:3000/_next/static/chunks/node_modules_next_dist_compiled_react-dom_1e674e59._.js:9069:150)
    at performWorkOnRootViaSchedulerTask (http://localhost:3000/_next/static/chunks/node_modules_next_dist_compiled_react-dom_1e674e59._.js:10231:9)
    at MessagePort.performWorkUntilDeadline (http://localhost:3000/_next/static/chunks/node_modules_next_dist_compiled_a0e4c7b4._.js:2648:64)
[ 2591592ms] [WARNING] Clerk: Clerk has been loaded with development keys. Development instances have strict usage limits and should not be used when deploying your application to production. Learn more: https://clerk.com/docs/deployments/overview @ http://localhost:3000/_next/static/chunks/node_modules_next_dist_f3530cac._.js:2298
[ 2591593ms] [WARNING] Clerk: The prop "afterSignInUrl" is deprecated and should be replaced with the new "fallbackRedirectUrl" or "forceRedirectUrl" props instead. Learn more: https://clerk.com/docs/guides/custom-redirects#redirect-url-props @ http://localhost:3000/_next/static/chunks/node_modules_next_dist_f3530cac._.js:2298
[ 2591688ms] Error: Hydration failed because the server rendered HTML didn't match the client. As a result this tree will be regenerated on the client. This can happen if a SSR-ed Client Component used:

- A server/client branch `if (typeof window !== 'undefined')`.
- Variable input such as `Date.now()` or `Math.random()` which changes each time it's called.
- Date formatting in a user's locale which doesn't match the server.
- External changing data without sending a snapshot of it along with the HTML.
- Invalid HTML tag nesting.

It can also happen if the client has a browser extension installed which messes with the HTML before React loaded.

https://react.dev/link/hydration-mismatch

  ...
    <HTTPAccessFallbackBoundary notFound={<SegmentViewNode>} forbidden={undefined} unauthorized={undefined}>
      <HTTPAccessFallbackErrorBoundary pathname="/compliance" notFound={<SegmentViewNode>} forbidden={undefined} ...>
        <RedirectBoundary>
          <RedirectErrorBoundary router={{...}}>
            <InnerLayoutRouter url="/compliance" tree={[...]} params={{}} cacheNode={{...}} segmentPath={[...]} ...>
              <SegmentViewNode type="layout" pagePath="(app)/layo...">
                <SegmentTrieNode>
                <script>
                <script>
                <script>
                <script>
                <AppLayout>
                  <AppShell>
                    <div className="flex h-screen">
                      <AppSidebar open={false} onClose={function onClose}>
                        <aside className="hidden md:...">
                          <div>
                          <nav>
                          <div className="px-6 py-4 ...">
                            <LoadableComponent afterSignOutUrl="/">
+                             <Suspense fallback={<loading>}>
-                             <div className="w-8 h-8 rounded-full bg-brand/20 border border-brand/30">
                      ...
            ...

    at throwOnHydrationMismatch (http://localhost:3000/_next/static/chunks/node_modules_next_dist_compiled_react-dom_1e674e59._.js:3349:56)
    at updateSuspenseComponent (http://localhost:3000/_next/static/chunks/node_modules_next_dist_compiled_react-dom_1e674e59._.js:6331:99)
    at beginWork (http://localhost:3000/_next/static/chunks/node_modules_next_dist_compiled_react-dom_1e674e59._.js:6780:24)
    at runWithFiberInDEV (http://localhost:3000/_next/static/chunks/node_modules_next_dist_compiled_react-dom_1e674e59._.js:966:74)
    at performUnitOfWork (http://localhost:3000/_next/static/chunks/node_modules_next_dist_compiled_react-dom_1e674e59._.js:9563:97)
    at workLoopConcurrentByScheduler (http://localhost:3000/_next/static/chunks/node_modules_next_dist_compiled_react-dom_1e674e59._.js:9559:58)
    at renderRootConcurrent (http://localhost:3000/_next/static/chunks/node_modules_next_dist_compiled_react-dom_1e674e59._.js:9542:71)
    at performWorkOnRoot (http://localhost:3000/_next/static/chunks/node_modules_next_dist_compiled_react-dom_1e674e59._.js:9069:150)
    at performWorkOnRootViaSchedulerTask (http://localhost:3000/_next/static/chunks/node_modules_next_dist_compiled_react-dom_1e674e59._.js:10231:9)
    at MessagePort.performWorkUntilDeadline (http://localhost:3000/_next/static/chunks/node_modules_next_dist_compiled_a0e4c7b4._.js:2648:64)
[ 3693030ms] [ERROR] Failed to load resource: the server responded with a status of 404 (Not Found) @ http://localhost:3000/compliance?_rsc=1c91n:0
[ 3693048ms] [ERROR] Failed to load resource: the server responded with a status of 404 (Not Found) @ http://localhost:3000/compliance?_rsc=1c91n:0
[ 3693066ms] [ERROR] Failed to load resource: the server responded with a status of 404 (Not Found) @ http://localhost:3000/compliance?_rsc=1c91n:0
[ 3693086ms] [ERROR] Failed to load resource: the server responded with a status of 404 (Not Found) @ http://localhost:3000/compliance?_rsc=1c91n:0
[ 3693098ms] [ERROR] Failed to load resource: the server responded with a status of 404 (Not Found) @ http://localhost:3000/compliance?_rsc=1c91n:0
[ 3695209ms] Error: Hydration failed because the server rendered HTML didn't match the client. As a result this tree will be regenerated on the client. This can happen if a SSR-ed Client Component used:

- A server/client branch `if (typeof window !== 'undefined')`.
- Variable input such as `Date.now()` or `Math.random()` which changes each time it's called.
- Date formatting in a user's locale which doesn't match the server.
- External changing data without sending a snapshot of it along with the HTML.
- Invalid HTML tag nesting.

It can also happen if the client has a browser extension installed which messes with the HTML before React loaded.

https://react.dev/link/hydration-mismatch

  ...
    <HTTPAccessFallbackBoundary notFound={<SegmentViewNode>} forbidden={undefined} unauthorized={undefined}>
      <HTTPAccessFallbackErrorBoundary pathname="/compliance" notFound={<SegmentViewNode>} forbidden={undefined} ...>
        <RedirectBoundary>
          <RedirectErrorBoundary router={{...}}>
            <InnerLayoutRouter url="/compliance" tree={[...]} params={{}} cacheNode={{...}} segmentPath={[...]} ...>
              <SegmentViewNode type="layout" pagePath="(app)/layo...">
                <SegmentTrieNode>
                <script>
                <script>
                <script>
                <script>
                <AppLayout>
                  <AppShell>
                    <div className="flex h-screen">
                      <AppSidebar open={false} onClose={function onClose}>
                        <aside className="hidden md:...">
                          <div>
                          <nav>
                          <div className="px-6 py-4 ...">
                            <LoadableComponent afterSignOutUrl="/">
+                             <Suspense fallback={<loading>}>
-                             <div className="w-8 h-8 rounded-full bg-brand/20 border border-brand/30">
                      ...
            ...

    at throwOnHydrationMismatch (http://localhost:3000/_next/static/chunks/node_modules_next_dist_compiled_react-dom_1e674e59._.js:3349:56)
    at updateSuspenseComponent (http://localhost:3000/_next/static/chunks/node_modules_next_dist_compiled_react-dom_1e674e59._.js:6331:99)
    at beginWork (http://localhost:3000/_next/static/chunks/node_modules_next_dist_compiled_react-dom_1e674e59._.js:6780:24)
    at runWithFiberInDEV (http://localhost:3000/_next/static/chunks/node_modules_next_dist_compiled_react-dom_1e674e59._.js:966:74)
    at performUnitOfWork (http://localhost:3000/_next/static/chunks/node_modules_next_dist_compiled_react-dom_1e674e59._.js:9563:97)
    at workLoopConcurrentByScheduler (http://localhost:3000/_next/static/chunks/node_modules_next_dist_compiled_react-dom_1e674e59._.js:9559:58)
    at renderRootConcurrent (http://localhost:3000/_next/static/chunks/node_modules_next_dist_compiled_react-dom_1e674e59._.js:9542:71)
    at performWorkOnRoot (http://localhost:3000/_next/static/chunks/node_modules_next_dist_compiled_react-dom_1e674e59._.js:9069:150)
    at performWorkOnRootViaSchedulerTask (http://localhost:3000/_next/static/chunks/node_modules_next_dist_compiled_react-dom_1e674e59._.js:10231:9)
    at MessagePort.performWorkUntilDeadline (http://localhost:3000/_next/static/chunks/node_modules_next_dist_compiled_a0e4c7b4._.js:2648:64)
[ 3703660ms] [WARNING] Clerk: Clerk has been loaded with development keys. Development instances have strict usage limits and should not be used when deploying your application to production. Learn more: https://clerk.com/docs/deployments/overview @ http://localhost:3000/_next/static/chunks/node_modules_next_dist_f3530cac._.js:2298
[ 3703660ms] [WARNING] Clerk: The prop "afterSignInUrl" is deprecated and should be replaced with the new "fallbackRedirectUrl" or "forceRedirectUrl" props instead. Learn more: https://clerk.com/docs/guides/custom-redirects#redirect-url-props @ http://localhost:3000/_next/static/chunks/node_modules_next_dist_f3530cac._.js:2298
[13616340ms] [ERROR] Failed to load resource: net::ERR_NETWORK_CHANGED @ https://primary-gelding-64.clerk.accounts.dev/v1/client/sessions/sess_3AFHfRZRUeQxYLniAkBwTdWNMJ5/tokens?__clerk_api_version=2025-11-10&_clerk_js_version=5.125.2&__clerk_db_jwt=dvb_3AFHbNeTn4n64cGnpuCeSO4Aiqj:0
[13619348ms] [ERROR] Failed to load resource: net::ERR_INTERNET_DISCONNECTED @ https://primary-gelding-64.clerk.accounts.dev/v1/client/sessions/sess_3AFHfRZRUeQxYLniAkBwTdWNMJ5/tokens?__clerk_api_version=2025-11-10&_clerk_js_version=5.125.2&__clerk_db_jwt=dvb_3AFHbNeTn4n64cGnpuCeSO4Aiqj:0
[13624363ms] [ERROR] Failed to load resource: net::ERR_INTERNET_DISCONNECTED @ https://primary-gelding-64.clerk.accounts.dev/v1/client/sessions/sess_3AFHfRZRUeQxYLniAkBwTdWNMJ5/tokens?__clerk_api_version=2025-11-10&_clerk_js_version=5.125.2&__clerk_db_jwt=dvb_3AFHbNeTn4n64cGnpuCeSO4Aiqj:0
[13629377ms] [ERROR] Failed to load resource: net::ERR_INTERNET_DISCONNECTED @ https://primary-gelding-64.clerk.accounts.dev/v1/client/sessions/sess_3AFHfRZRUeQxYLniAkBwTdWNMJ5/tokens?__clerk_api_version=2025-11-10&_clerk_js_version=5.125.2&__clerk_db_jwt=dvb_3AFHbNeTn4n64cGnpuCeSO4Aiqj:0
[13634391ms] [ERROR] Failed to load resource: net::ERR_INTERNET_DISCONNECTED @ https://primary-gelding-64.clerk.accounts.dev/v1/client/sessions/sess_3AFHfRZRUeQxYLniAkBwTdWNMJ5/tokens?__clerk_api_version=2025-11-10&_clerk_js_version=5.125.2&__clerk_db_jwt=dvb_3AFHbNeTn4n64cGnpuCeSO4Aiqj:0
[13639399ms] [ERROR] Failed to load resource: net::ERR_INTERNET_DISCONNECTED @ https://primary-gelding-64.clerk.accounts.dev/v1/client/sessions/sess_3AFHfRZRUeQxYLniAkBwTdWNMJ5/tokens?__clerk_api_version=2025-11-10&_clerk_js_version=5.125.2&__clerk_db_jwt=dvb_3AFHbNeTn4n64cGnpuCeSO4Aiqj:0
[13644407ms] [ERROR] Failed to load resource: net::ERR_INTERNET_DISCONNECTED @ https://primary-gelding-64.clerk.accounts.dev/v1/client/sessions/sess_3AFHfRZRUeQxYLniAkBwTdWNMJ5/tokens?__clerk_api_version=2025-11-10&_clerk_js_version=5.125.2&__clerk_db_jwt=dvb_3AFHbNeTn4n64cGnpuCeSO4Aiqj:0
[13649422ms] [ERROR] Failed to load resource: net::ERR_INTERNET_DISCONNECTED @ https://primary-gelding-64.clerk.accounts.dev/v1/client/sessions/sess_3AFHfRZRUeQxYLniAkBwTdWNMJ5/tokens?__clerk_api_version=2025-11-10&_clerk_js_version=5.125.2&__clerk_db_jwt=dvb_3AFHbNeTn4n64cGnpuCeSO4Aiqj:0
[13654433ms] [ERROR] Failed to load resource: net::ERR_INTERNET_DISCONNECTED @ https://primary-gelding-64.clerk.accounts.dev/v1/client/sessions/sess_3AFHfRZRUeQxYLniAkBwTdWNMJ5/tokens?__clerk_api_version=2025-11-10&_clerk_js_version=5.125.2&__clerk_db_jwt=dvb_3AFHbNeTn4n64cGnpuCeSO4Aiqj:0
[13659440ms] [ERROR] Failed to load resource: net::ERR_INTERNET_DISCONNECTED @ https://primary-gelding-64.clerk.accounts.dev/v1/client/sessions/sess_3AFHfRZRUeQxYLniAkBwTdWNMJ5/tokens?__clerk_api_version=2025-11-10&_clerk_js_version=5.125.2&__clerk_db_jwt=dvb_3AFHbNeTn4n64cGnpuCeSO4Aiqj:0
[13664457ms] [ERROR] Failed to load resource: net::ERR_INTERNET_DISCONNECTED @ https://primary-gelding-64.clerk.accounts.dev/v1/client/sessions/sess_3AFHfRZRUeQxYLniAkBwTdWNMJ5/tokens?__clerk_api_version=2025-11-10&_clerk_js_version=5.125.2&__clerk_db_jwt=dvb_3AFHbNeTn4n64cGnpuCeSO4Aiqj:0
[13669474ms] [ERROR] Failed to load resource: net::ERR_INTERNET_DISCONNECTED @ https://primary-gelding-64.clerk.accounts.dev/v1/client/sessions/sess_3AFHfRZRUeQxYLniAkBwTdWNMJ5/tokens?__clerk_api_version=2025-11-10&_clerk_js_version=5.125.2&__clerk_db_jwt=dvb_3AFHbNeTn4n64cGnpuCeSO4Aiqj:0
[13674489ms] [ERROR] Failed to load resource: net::ERR_INTERNET_DISCONNECTED @ https://primary-gelding-64.clerk.accounts.dev/v1/client/sessions/sess_3AFHfRZRUeQxYLniAkBwTdWNMJ5/tokens?__clerk_api_version=2025-11-10&_clerk_js_version=5.125.2&__clerk_db_jwt=dvb_3AFHbNeTn4n64cGnpuCeSO4Aiqj:0
[13679499ms] [ERROR] Failed to load resource: net::ERR_INTERNET_DISCONNECTED @ https://primary-gelding-64.clerk.accounts.dev/v1/client/sessions/sess_3AFHfRZRUeQxYLniAkBwTdWNMJ5/tokens?__clerk_api_version=2025-11-10&_clerk_js_version=5.125.2&__clerk_db_jwt=dvb_3AFHbNeTn4n64cGnpuCeSO4Aiqj:0
[13684508ms] [ERROR] Failed to load resource: net::ERR_INTERNET_DISCONNECTED @ https://primary-gelding-64.clerk.accounts.dev/v1/client/sessions/sess_3AFHfRZRUeQxYLniAkBwTdWNMJ5/tokens?__clerk_api_version=2025-11-10&_clerk_js_version=5.125.2&__clerk_db_jwt=dvb_3AFHbNeTn4n64cGnpuCeSO4Aiqj:0
[13689515ms] [ERROR] Failed to load resource: net::ERR_INTERNET_DISCONNECTED @ https://primary-gelding-64.clerk.accounts.dev/v1/client/sessions/sess_3AFHfRZRUeQxYLniAkBwTdWNMJ5/tokens?__clerk_api_version=2025-11-10&_clerk_js_version=5.125.2&__clerk_db_jwt=dvb_3AFHbNeTn4n64cGnpuCeSO4Aiqj:0
[13694531ms] [ERROR] Failed to load resource: net::ERR_INTERNET_DISCONNECTED @ https://primary-gelding-64.clerk.accounts.dev/v1/client/sessions/sess_3AFHfRZRUeQxYLniAkBwTdWNMJ5/tokens?__clerk_api_version=2025-11-10&_clerk_js_version=5.125.2&__clerk_db_jwt=dvb_3AFHbNeTn4n64cGnpuCeSO4Aiqj:0
[13699546ms] [ERROR] Failed to load resource: net::ERR_INTERNET_DISCONNECTED @ https://primary-gelding-64.clerk.accounts.dev/v1/client/sessions/sess_3AFHfRZRUeQxYLniAkBwTdWNMJ5/tokens?__clerk_api_version=2025-11-10&_clerk_js_version=5.125.2&__clerk_db_jwt=dvb_3AFHbNeTn4n64cGnpuCeSO4Aiqj:0
[13776759ms] [ERROR] Failed to load resource: net::ERR_NAME_NOT_RESOLVED @ https://primary-gelding-64.clerk.accounts.dev/v1/client/sessions/sess_3AFHfRZRUeQxYLniAkBwTdWNMJ5/tokens?__clerk_api_version=2025-11-10&_clerk_js_version=5.125.2&__clerk_db_jwt=dvb_3AFHbNeTn4n64cGnpuCeSO4Aiqj:0
[13851945ms] [ERROR] Failed to load resource: net::ERR_NAME_NOT_RESOLVED @ https://primary-gelding-64.clerk.accounts.dev/v1/client/sessions/sess_3AFHfRZRUeQxYLniAkBwTdWNMJ5/tokens?__clerk_api_version=2025-11-10&_clerk_js_version=5.125.2&__clerk_db_jwt=dvb_3AFHbNeTn4n64cGnpuCeSO4Aiqj:0
[13946770ms] [ERROR] Failed to load resource: net::ERR_NETWORK_CHANGED @ https://primary-gelding-64.clerk.accounts.dev/v1/client/sessions/sess_3AFHfRZRUeQxYLniAkBwTdWNMJ5/tokens?__clerk_api_version=2025-11-10&_clerk_js_version=5.125.2&__clerk_db_jwt=dvb_3AFHbNeTn4n64cGnpuCeSO4Aiqj:0
[32147292ms] [ERROR] Failed to load resource: net::ERR_EMPTY_RESPONSE @ http://localhost:3000/compliance?_rsc=1c91n:0
[32147295ms] [ERROR] Failed to fetch RSC payload for http://localhost:3000/compliance. Falling back to browser navigation. TypeError: Failed to fetch
    at createFetch (http://localhost:3000/_next/static/chunks/node_modules_next_dist_client_17643121._.js:2589:24)
    at fetchServerResponse (http://localhost:3000/_next/static/chunks/node_modules_next_dist_client_17643121._.js:2491:27)
    at fetchMissingDynamicData (http://localhost:3000/_next/static/chunks/node_modules_next_dist_client_17643121._.js:3655:75)
    at spawnDynamicRequests (http://localhost:3000/_next/static/chunks/node_modules_next_dist_client_17643121._.js:3502:35)
    at navigateToSeededRoute (http://localhost:3000/_next/static/chunks/node_modules_next_dist_client_17643121._.js:7742:50)
    at refreshDynamicData (http://localhost:3000/_next/static/chunks/node_modules_next_dist_client_17643121._.js:8348:58)
    at hmrRefreshReducer (http://localhost:3000/_next/static/chunks/node_modules_next_dist_client_17643121._.js:8514:51)
    at clientReducer (http://localhost:3000/_next/static/chunks/node_modules_next_dist_client_17643121._.js:9082:65)
    at Object.action (http://localhost:3000/_next/static/chunks/node_modules_next_dist_client_17643121._.js:9311:55)
    at runAction (http://localhost:3000/_next/static/chunks/node_modules_next_dist_client_17643121._.js:9216:38)
    at dispatchAction (http://localhost:3000/_next/static/chunks/node_modules_next_dist_client_17643121._.js:9279:9)
    at Object.dispatch (http://localhost:3000/_next/static/chunks/node_modules_next_dist_client_17643121._.js:9309:40)
    at http://localhost:3000/_next/static/chunks/node_modules_next_dist_client_17643121._.js:1490:29
    at startTransition (http://localhost:3000/_next/static/chunks/node_modules_next_dist_compiled_react-dom_1e674e59._.js:5501:31)
    at dispatch (http://localhost:3000/_next/static/chunks/node_modules_next_dist_client_17643121._.js:1489:13)
    at dispatchAppRouterAction (http://localhost:3000/_next/static/chunks/node_modules_next_dist_client_17643121._.js:1471:5)
    at http://localhost:3000/_next/static/chunks/node_modules_next_dist_client_17643121._.js:9440:61
    at startTransition (http://localhost:3000/_next/static/chunks/node_modules_next_dist_compiled_a0e4c7b4._.js:1280:31)
    at Object.hmrRefresh (http://localhost:3000/_next/static/chunks/node_modules_next_dist_client_17643121._.js:9439:40)
    at http://localhost:3000/_next/static/chunks/node_modules_next_dist_client_17643121._.js:11621:64
    at startTransition (http://localhost:3000/_next/static/chunks/node_modules_next_dist_compiled_a0e4c7b4._.js:1280:31)
    at processMessage (http://localhost:3000/_next/static/chunks/node_modules_next_dist_client_17643121._.js:11620:44)
    at WebSocket.handleMessage (http://localhost:3000/_next/static/chunks/node_modules_next_dist_client_17643121._.js:10915:52) @ http://localhost:3000/_next/static/chunks/node_modules_next_dist_f3530cac._.js:3128
[32147303ms] [ERROR] Failed to load resource: net::ERR_EMPTY_RESPONSE @ http://localhost:3000/compliance?_rsc=1c91n:0
[32147303ms] [ERROR] Failed to fetch RSC payload for http://localhost:3000/compliance. Falling back to browser navigation. TypeError: Failed to fetch
    at createFetch (http://localhost:3000/_next/static/chunks/node_modules_next_dist_client_17643121._.js:2589:24)
    at fetchServerResponse (http://localhost:3000/_next/static/chunks/node_modules_next_dist_client_17643121._.js:2491:27)
    at fetchMissingDynamicData (http://localhost:3000/_next/static/chunks/node_modules_next_dist_client_17643121._.js:3655:75)
    at spawnDynamicRequests (http://localhost:3000/_next/static/chunks/node_modules_next_dist_client_17643121._.js:3502:35)
    at navigateToSeededRoute (http://localhost:3000/_next/static/chunks/node_modules_next_dist_client_17643121._.js:7742:50)
    at refreshDynamicData (http://localhost:3000/_next/static/chunks/node_modules_next_dist_client_17643121._.js:8348:58)
    at hmrRefreshReducer (http://localhost:3000/_next/static/chunks/node_modules_next_dist_client_17643121._.js:8514:51)
    at clientReducer (http://localhost:3000/_next/static/chunks/node_modules_next_dist_client_17643121._.js:9082:65)
    at Object.action (http://localhost:3000/_next/static/chunks/node_modules_next_dist_client_17643121._.js:9311:55)
    at runAction (http://localhost:3000/_next/static/chunks/node_modules_next_dist_client_17643121._.js:9216:38)
    at dispatchAction (http://localhost:3000/_next/static/chunks/node_modules_next_dist_client_17643121._.js:9279:9)
    at Object.dispatch (http://localhost:3000/_next/static/chunks/node_modules_next_dist_client_17643121._.js:9309:40)
    at http://localhost:3000/_next/static/chunks/node_modules_next_dist_client_17643121._.js:1490:29
    at startTransition (http://localhost:3000/_next/static/chunks/node_modules_next_dist_compiled_react-dom_1e674e59._.js:5501:31)
    at dispatch (http://localhost:3000/_next/static/chunks/node_modules_next_dist_client_17643121._.js:1489:13)
    at dispatchAppRouterAction (http://localhost:3000/_next/static/chunks/node_modules_next_dist_client_17643121._.js:1471:5)
    at http://localhost:3000/_next/static/chunks/node_modules_next_dist_client_17643121._.js:9440:61
    at startTransition (http://localhost:3000/_next/static/chunks/node_modules_next_dist_compiled_a0e4c7b4._.js:1280:31)
    at Object.hmrRefresh (http://localhost:3000/_next/static/chunks/node_modules_next_dist_client_17643121._.js:9439:40)
    at http://localhost:3000/_next/static/chunks/node_modules_next_dist_client_17643121._.js:11621:64
    at startTransition (http://localhost:3000/_next/static/chunks/node_modules_next_dist_compiled_a0e4c7b4._.js:1280:31)
    at processMessage (http://localhost:3000/_next/static/chunks/node_modules_next_dist_client_17643121._.js:11620:44)
    at WebSocket.handleMessage (http://localhost:3000/_next/static/chunks/node_modules_next_dist_client_17643121._.js:10915:52) @ http://localhost:3000/_next/static/chunks/node_modules_next_dist_f3530cac._.js:3128
[32147304ms] [ERROR] Failed to load resource: net::ERR_EMPTY_RESPONSE @ http://localhost:3000/compliance?_rsc=1c91n:0
[32147304ms] [ERROR] Failed to fetch RSC payload for http://localhost:3000/compliance. Falling back to browser navigation. TypeError: Failed to fetch
    at createFetch (http://localhost:3000/_next/static/chunks/node_modules_next_dist_client_17643121._.js:2589:24)
    at fetchServerResponse (http://localhost:3000/_next/static/chunks/node_modules_next_dist_client_17643121._.js:2491:27)
    at fetchMissingDynamicData (http://localhost:3000/_next/static/chunks/node_modules_next_dist_client_17643121._.js:3655:75)
    at spawnDynamicRequests (http://localhost:3000/_next/static/chunks/node_modules_next_dist_client_17643121._.js:3502:35)
    at navigateToSeededRoute (http://localhost:3000/_next/static/chunks/node_modules_next_dist_client_17643121._.js:7742:50)
    at refreshDynamicData (http://localhost:3000/_next/static/chunks/node_modules_next_dist_client_17643121._.js:8348:58)
    at hmrRefreshReducer (http://localhost:3000/_next/static/chunks/node_modules_next_dist_client_17643121._.js:8514:51)
    at clientReducer (http://localhost:3000/_next/static/chunks/node_modules_next_dist_client_17643121._.js:9082:65)
    at Object.action (http://localhost:3000/_next/static/chunks/node_modules_next_dist_client_17643121._.js:9311:55)
    at runAction (http://localhost:3000/_next/static/chunks/node_modules_next_dist_client_17643121._.js:9216:38)
    at dispatchAction (http://localhost:3000/_next/static/chunks/node_modules_next_dist_client_17643121._.js:9279:9)
    at Object.dispatch (http://localhost:3000/_next/static/chunks/node_modules_next_dist_client_17643121._.js:9309:40)
    at http://localhost:3000/_next/static/chunks/node_modules_next_dist_client_17643121._.js:1490:29
    at startTransition (http://localhost:3000/_next/static/chunks/node_modules_next_dist_compiled_react-dom_1e674e59._.js:5501:31)
    at dispatch (http://localhost:3000/_next/static/chunks/node_modules_next_dist_client_17643121._.js:1489:13)
    at dispatchAppRouterAction (http://localhost:3000/_next/static/chunks/node_modules_next_dist_client_17643121._.js:1471:5)
    at http://localhost:3000/_next/static/chunks/node_modules_next_dist_client_17643121._.js:9440:61
    at startTransition (http://localhost:3000/_next/static/chunks/node_modules_next_dist_compiled_a0e4c7b4._.js:1280:31)
    at Object.hmrRefresh (http://localhost:3000/_next/static/chunks/node_modules_next_dist_client_17643121._.js:9439:40)
    at http://localhost:3000/_next/static/chunks/node_modules_next_dist_client_17643121._.js:11621:64
    at startTransition (http://localhost:3000/_next/static/chunks/node_modules_next_dist_compiled_a0e4c7b4._.js:1280:31)
    at processMessage (http://localhost:3000/_next/static/chunks/node_modules_next_dist_client_17643121._.js:11620:44)
    at WebSocket.handleMessage (http://localhost:3000/_next/static/chunks/node_modules_next_dist_client_17643121._.js:10915:52) @ http://localhost:3000/_next/static/chunks/node_modules_next_dist_f3530cac._.js:3128
[32147305ms] [ERROR] Failed to load resource: net::ERR_EMPTY_RESPONSE @ http://localhost:3000/compliance?_rsc=1c91n:0
[32147305ms] [ERROR] Failed to fetch RSC payload for http://localhost:3000/compliance. Falling back to browser navigation. TypeError: Failed to fetch
    at createFetch (http://localhost:3000/_next/static/chunks/node_modules_next_dist_client_17643121._.js:2589:24)
    at fetchServerResponse (http://localhost:3000/_next/static/chunks/node_modules_next_dist_client_17643121._.js:2491:27)
    at fetchMissingDynamicData (http://localhost:3000/_next/static/chunks/node_modules_next_dist_client_17643121._.js:3655:75)
    at spawnDynamicRequests (http://localhost:3000/_next/static/chunks/node_modules_next_dist_client_17643121._.js:3502:35)
    at navigateToSeededRoute (http://localhost:3000/_next/static/chunks/node_modules_next_dist_client_17643121._.js:7742:50)
    at refreshDynamicData (http://localhost:3000/_next/static/chunks/node_modules_next_dist_client_17643121._.js:8348:58)
    at hmrRefreshReducer (http://localhost:3000/_next/static/chunks/node_modules_next_dist_client_17643121._.js:8514:51)
    at clientReducer (http://localhost:3000/_next/static/chunks/node_modules_next_dist_client_17643121._.js:9082:65)
    at Object.action (http://localhost:3000/_next/static/chunks/node_modules_next_dist_client_17643121._.js:9311:55)
    at runAction (http://localhost:3000/_next/static/chunks/node_modules_next_dist_client_17643121._.js:9216:38)
    at dispatchAction (http://localhost:3000/_next/static/chunks/node_modules_next_dist_client_17643121._.js:9279:9)
    at Object.dispatch (http://localhost:3000/_next/static/chunks/node_modules_next_dist_client_17643121._.js:9309:40)
    at http://localhost:3000/_next/static/chunks/node_modules_next_dist_client_17643121._.js:1490:29
    at startTransition (http://localhost:3000/_next/static/chunks/node_modules_next_dist_compiled_react-dom_1e674e59._.js:5501:31)
    at dispatch (http://localhost:3000/_next/static/chunks/node_modules_next_dist_client_17643121._.js:1489:13)
    at dispatchAppRouterAction (http://localhost:3000/_next/static/chunks/node_modules_next_dist_client_17643121._.js:1471:5)
    at http://localhost:3000/_next/static/chunks/node_modules_next_dist_client_17643121._.js:9440:61
    at startTransition (http://localhost:3000/_next/static/chunks/node_modules_next_dist_compiled_a0e4c7b4._.js:1280:31)
    at Object.hmrRefresh (http://localhost:3000/_next/static/chunks/node_modules_next_dist_client_17643121._.js:9439:40)
    at http://localhost:3000/_next/static/chunks/node_modules_next_dist_client_17643121._.js:11621:64
    at startTransition (http://localhost:3000/_next/static/chunks/node_modules_next_dist_compiled_a0e4c7b4._.js:1280:31)
    at processMessage (http://localhost:3000/_next/static/chunks/node_modules_next_dist_client_17643121._.js:11620:44)
    at WebSocket.handleMessage (http://localhost:3000/_next/static/chunks/node_modules_next_dist_client_17643121._.js:10915:52) @ http://localhost:3000/_next/static/chunks/node_modules_next_dist_f3530cac._.js:3128
[32147306ms] [ERROR] Failed to load resource: net::ERR_EMPTY_RESPONSE @ http://localhost:3000/compliance?_rsc=1c91n:0
[32147306ms] [ERROR] Failed to fetch RSC payload for http://localhost:3000/compliance. Falling back to browser navigation. TypeError: Failed to fetch
    at createFetch (http://localhost:3000/_next/static/chunks/node_modules_next_dist_client_17643121._.js:2589:24)
    at fetchServerResponse (http://localhost:3000/_next/static/chunks/node_modules_next_dist_client_17643121._.js:2491:27)
    at fetchMissingDynamicData (http://localhost:3000/_next/static/chunks/node_modules_next_dist_client_17643121._.js:3655:75)
    at spawnDynamicRequests (http://localhost:3000/_next/static/chunks/node_modules_next_dist_client_17643121._.js:3502:35)
    at navigateToSeededRoute (http://localhost:3000/_next/static/chunks/node_modules_next_dist_client_17643121._.js:7742:50)
    at refreshDynamicData (http://localhost:3000/_next/static/chunks/node_modules_next_dist_client_17643121._.js:8348:58)
    at hmrRefreshReducer (http://localhost:3000/_next/static/chunks/node_modules_next_dist_client_17643121._.js:8514:51)
    at clientReducer (http://localhost:3000/_next/static/chunks/node_modules_next_dist_client_17643121._.js:9082:65)
    at Object.action (http://localhost:3000/_next/static/chunks/node_modules_next_dist_client_17643121._.js:9311:55)
    at runAction (http://localhost:3000/_next/static/chunks/node_modules_next_dist_client_17643121._.js:9216:38)
    at dispatchAction (http://localhost:3000/_next/static/chunks/node_modules_next_dist_client_17643121._.js:9279:9)
    at Object.dispatch (http://localhost:3000/_next/static/chunks/node_modules_next_dist_client_17643121._.js:9309:40)
    at http://localhost:3000/_next/static/chunks/node_modules_next_dist_client_17643121._.js:1490:29
    at startTransition (http://localhost:3000/_next/static/chunks/node_modules_next_dist_compiled_react-dom_1e674e59._.js:5501:31)
    at dispatch (http://localhost:3000/_next/static/chunks/node_modules_next_dist_client_17643121._.js:1489:13)
    at dispatchAppRouterAction (http://localhost:3000/_next/static/chunks/node_modules_next_dist_client_17643121._.js:1471:5)
    at http://localhost:3000/_next/static/chunks/node_modules_next_dist_client_17643121._.js:9440:61
    at startTransition (http://localhost:3000/_next/static/chunks/node_modules_next_dist_compiled_a0e4c7b4._.js:1280:31)
    at Object.hmrRefresh (http://localhost:3000/_next/static/chunks/node_modules_next_dist_client_17643121._.js:9439:40)
    at http://localhost:3000/_next/static/chunks/node_modules_next_dist_client_17643121._.js:11621:64
    at startTransition (http://localhost:3000/_next/static/chunks/node_modules_next_dist_compiled_a0e4c7b4._.js:1280:31)
    at processMessage (http://localhost:3000/_next/static/chunks/node_modules_next_dist_client_17643121._.js:11620:44)
    at WebSocket.handleMessage (http://localhost:3000/_next/static/chunks/node_modules_next_dist_client_17643121._.js:10915:52) @ http://localhost:3000/_next/static/chunks/node_modules_next_dist_f3530cac._.js:3128
[32147307ms] [ERROR] Failed to load resource: net::ERR_EMPTY_RESPONSE @ http://localhost:3000/compliance?_rsc=1c91n:0
[32147307ms] [ERROR] Failed to fetch RSC payload for http://localhost:3000/compliance. Falling back to browser navigation. TypeError: Failed to fetch
    at createFetch (http://localhost:3000/_next/static/chunks/node_modules_next_dist_client_17643121._.js:2589:24)
    at fetchServerResponse (http://localhost:3000/_next/static/chunks/node_modules_next_dist_client_17643121._.js:2491:27)
    at fetchMissingDynamicData (http://localhost:3000/_next/static/chunks/node_modules_next_dist_client_17643121._.js:3655:75)
    at spawnDynamicRequests (http://localhost:3000/_next/static/chunks/node_modules_next_dist_client_17643121._.js:3502:35)
    at navigateToSeededRoute (http://localhost:3000/_next/static/chunks/node_modules_next_dist_client_17643121._.js:7742:50)
    at refreshDynamicData (http://localhost:3000/_next/static/chunks/node_modules_next_dist_client_17643121._.js:8348:58)
    at hmrRefreshReducer (http://localhost:3000/_next/static/chunks/node_modules_next_dist_client_17643121._.js:8514:51)
    at clientReducer (http://localhost:3000/_next/static/chunks/node_modules_next_dist_client_17643121._.js:9082:65)
    at Object.action (http://localhost:3000/_next/static/chunks/node_modules_next_dist_client_17643121._.js:9311:55)
    at runAction (http://localhost:3000/_next/static/chunks/node_modules_next_dist_client_17643121._.js:9216:38)
    at dispatchAction (http://localhost:3000/_next/static/chunks/node_modules_next_dist_client_17643121._.js:9279:9)
    at Object.dispatch (http://localhost:3000/_next/static/chunks/node_modules_next_dist_client_17643121._.js:9309:40)
    at http://localhost:3000/_next/static/chunks/node_modules_next_dist_client_17643121._.js:1490:29
    at startTransition (http://localhost:3000/_next/static/chunks/node_modules_next_dist_compiled_react-dom_1e674e59._.js:5501:31)
    at dispatch (http://localhost:3000/_next/static/chunks/node_modules_next_dist_client_17643121._.js:1489:13)
    at dispatchAppRouterAction (http://localhost:3000/_next/static/chunks/node_modules_next_dist_client_17643121._.js:1471:5)
    at http://localhost:3000/_next/static/chunks/node_modules_next_dist_client_17643121._.js:9440:61
    at startTransition (http://localhost:3000/_next/static/chunks/node_modules_next_dist_compiled_a0e4c7b4._.js:1280:31)
    at Object.hmrRefresh (http://localhost:3000/_next/static/chunks/node_modules_next_dist_client_17643121._.js:9439:40)
    at http://localhost:3000/_next/static/chunks/node_modules_next_dist_client_17643121._.js:11621:64
    at startTransition (http://localhost:3000/_next/static/chunks/node_modules_next_dist_compiled_a0e4c7b4._.js:1280:31)
    at processMessage (http://localhost:3000/_next/static/chunks/node_modules_next_dist_client_17643121._.js:11620:44)
    at WebSocket.handleMessage (http://localhost:3000/_next/static/chunks/node_modules_next_dist_client_17643121._.js:10915:52) @ http://localhost:3000/_next/static/chunks/node_modules_next_dist_f3530cac._.js:3128
[32147342ms] [ERROR] Failed to load resource: net::ERR_CONNECTION_REFUSED @ http://localhost:3000/__nextjs_original-stack-frames:0
[32155671ms] [WARNING] Clerk: Clerk has been loaded with development keys. Development instances have strict usage limits and should not be used when deploying your application to production. Learn more: https://clerk.com/docs/deployments/overview @ http://localhost:3000/_next/static/chunks/node_modules_next_dist_f3530cac._.js:2297
[32155672ms] [WARNING] Clerk: The prop "afterSignInUrl" is deprecated and should be replaced with the new "fallbackRedirectUrl" or "forceRedirectUrl" props instead. Learn more: https://clerk.com/docs/guides/custom-redirects#redirect-url-props @ http://localhost:3000/_next/static/chunks/node_modules_next_dist_f3530cac._.js:2297
[32155809ms] Error: Hydration failed because the server rendered HTML didn't match the client. As a result this tree will be regenerated on the client. This can happen if a SSR-ed Client Component used:

- A server/client branch `if (typeof window !== 'undefined')`.
- Variable input such as `Date.now()` or `Math.random()` which changes each time it's called.
- Date formatting in a user's locale which doesn't match the server.
- External changing data without sending a snapshot of it along with the HTML.
- Invalid HTML tag nesting.

It can also happen if the client has a browser extension installed which messes with the HTML before React loaded.

https://react.dev/link/hydration-mismatch

  ...
    <HTTPAccessFallbackBoundary notFound={<SegmentViewNode>} forbidden={undefined} unauthorized={undefined}>
      <HTTPAccessFallbackErrorBoundary pathname="/compliance" notFound={<SegmentViewNode>} forbidden={undefined} ...>
        <RedirectBoundary>
          <RedirectErrorBoundary router={{...}}>
            <InnerLayoutRouter url="/compliance" tree={[...]} params={{}} cacheNode={{...}} segmentPath={[...]} ...>
              <SegmentViewNode type="layout" pagePath="(app)/layo...">
                <SegmentTrieNode>
                <script>
                <script>
                <script>
                <script>
                <AppLayout>
                  <AppShell>
                    <div className="flex h-screen">
                      <AppSidebar open={false} onClose={function onClose}>
                        <aside className="hidden md:...">
                          <div>
                          <nav>
                          <div className="px-6 py-4 ...">
                            <LoadableComponent afterSignOutUrl="/">
+                             <Suspense fallback={<loading>}>
-                             <div className="w-8 h-8 rounded-full bg-brand/20 border border-brand/30">
                      ...
            ...

    at throwOnHydrationMismatch (http://localhost:3000/_next/static/chunks/node_modules_next_dist_compiled_react-dom_1e674e59._.js:3348:56)
    at updateSuspenseComponent (http://localhost:3000/_next/static/chunks/node_modules_next_dist_compiled_react-dom_1e674e59._.js:6330:99)
    at beginWork (http://localhost:3000/_next/static/chunks/node_modules_next_dist_compiled_react-dom_1e674e59._.js:6779:24)
    at runWithFiberInDEV (http://localhost:3000/_next/static/chunks/node_modules_next_dist_compiled_react-dom_1e674e59._.js:965:74)
    at performUnitOfWork (http://localhost:3000/_next/static/chunks/node_modules_next_dist_compiled_react-dom_1e674e59._.js:9562:97)
    at workLoopConcurrentByScheduler (http://localhost:3000/_next/static/chunks/node_modules_next_dist_compiled_react-dom_1e674e59._.js:9558:58)
    at renderRootConcurrent (http://localhost:3000/_next/static/chunks/node_modules_next_dist_compiled_react-dom_1e674e59._.js:9541:71)
    at performWorkOnRoot (http://localhost:3000/_next/static/chunks/node_modules_next_dist_compiled_react-dom_1e674e59._.js:9068:150)
    at performWorkOnRootViaSchedulerTask (http://localhost:3000/_next/static/chunks/node_modules_next_dist_compiled_react-dom_1e674e59._.js:10230:9)
    at MessagePort.performWorkUntilDeadline (http://localhost:3000/_next/static/chunks/node_modules_next_dist_compiled_a0e4c7b4._.js:2647:64)
[32166549ms] [WARNING] Clerk: Clerk has been loaded with development keys. Development instances have strict usage limits and should not be used when deploying your application to production. Learn more: https://clerk.com/docs/deployments/overview @ http://localhost:3000/_next/static/chunks/node_modules_next_dist_f3530cac._.js:2298
[32166549ms] [WARNING] Clerk: The prop "afterSignInUrl" is deprecated and should be replaced with the new "fallbackRedirectUrl" or "forceRedirectUrl" props instead. Learn more: https://clerk.com/docs/guides/custom-redirects#redirect-url-props @ http://localhost:3000/_next/static/chunks/node_modules_next_dist_f3530cac._.js:2298
[32166679ms] Error: Hydration failed because the server rendered HTML didn't match the client. As a result this tree will be regenerated on the client. This can happen if a SSR-ed Client Component used:

- A server/client branch `if (typeof window !== 'undefined')`.
- Variable input such as `Date.now()` or `Math.random()` which changes each time it's called.
- Date formatting in a user's locale which doesn't match the server.
- External changing data without sending a snapshot of it along with the HTML.
- Invalid HTML tag nesting.

It can also happen if the client has a browser extension installed which messes with the HTML before React loaded.

https://react.dev/link/hydration-mismatch

  ...
    <HTTPAccessFallbackBoundary notFound={<SegmentViewNode>} forbidden={undefined} unauthorized={undefined}>
      <HTTPAccessFallbackErrorBoundary pathname="/compliance" notFound={<SegmentViewNode>} forbidden={undefined} ...>
        <RedirectBoundary>
          <RedirectErrorBoundary router={{...}}>
            <InnerLayoutRouter url="/compliance" tree={[...]} params={{}} cacheNode={{...}} segmentPath={[...]} ...>
              <SegmentViewNode type="layout" pagePath="(app)/layo...">
                <SegmentTrieNode>
                <script>
                <script>
                <script>
                <script>
                <AppLayout>
                  <AppShell>
                    <div className="flex h-screen">
                      <AppSidebar open={false} onClose={function onClose}>
                        <aside className="hidden md:...">
                          <div>
                          <nav>
                          <div className="px-6 py-4 ...">
                            <LoadableComponent afterSignOutUrl="/">
+                             <Suspense fallback={<loading>}>
-                             <div className="w-8 h-8 rounded-full bg-brand/20 border border-brand/30">
                      ...
            ...

    at throwOnHydrationMismatch (http://localhost:3000/_next/static/chunks/node_modules_next_dist_compiled_react-dom_1e674e59._.js:3349:56)
    at updateSuspenseComponent (http://localhost:3000/_next/static/chunks/node_modules_next_dist_compiled_react-dom_1e674e59._.js:6331:99)
    at beginWork (http://localhost:3000/_next/static/chunks/node_modules_next_dist_compiled_react-dom_1e674e59._.js:6780:24)
    at runWithFiberInDEV (http://localhost:3000/_next/static/chunks/node_modules_next_dist_compiled_react-dom_1e674e59._.js:966:74)
    at performUnitOfWork (http://localhost:3000/_next/static/chunks/node_modules_next_dist_compiled_react-dom_1e674e59._.js:9563:97)
    at workLoopConcurrentByScheduler (http://localhost:3000/_next/static/chunks/node_modules_next_dist_compiled_react-dom_1e674e59._.js:9559:58)
    at renderRootConcurrent (http://localhost:3000/_next/static/chunks/node_modules_next_dist_compiled_react-dom_1e674e59._.js:9542:71)
    at performWorkOnRoot (http://localhost:3000/_next/static/chunks/node_modules_next_dist_compiled_react-dom_1e674e59._.js:9069:150)
    at performWorkOnRootViaSchedulerTask (http://localhost:3000/_next/static/chunks/node_modules_next_dist_compiled_react-dom_1e674e59._.js:10231:9)
    at MessagePort.performWorkUntilDeadline (http://localhost:3000/_next/static/chunks/node_modules_next_dist_compiled_a0e4c7b4._.js:2648:64)
[32182521ms] [WARNING] Clerk: Clerk has been loaded with development keys. Development instances have strict usage limits and should not be used when deploying your application to production. Learn more: https://clerk.com/docs/deployments/overview @ http://localhost:3000/_next/static/chunks/node_modules_next_dist_f3530cac._.js:2297
[32182521ms] [WARNING] Clerk: The prop "afterSignInUrl" is deprecated and should be replaced with the new "fallbackRedirectUrl" or "forceRedirectUrl" props instead. Learn more: https://clerk.com/docs/guides/custom-redirects#redirect-url-props @ http://localhost:3000/_next/static/chunks/node_modules_next_dist_f3530cac._.js:2297
[32182672ms] Error: Hydration failed because the server rendered HTML didn't match the client. As a result this tree will be regenerated on the client. This can happen if a SSR-ed Client Component used:

- A server/client branch `if (typeof window !== 'undefined')`.
- Variable input such as `Date.now()` or `Math.random()` which changes each time it's called.
- Date formatting in a user's locale which doesn't match the server.
- External changing data without sending a snapshot of it along with the HTML.
- Invalid HTML tag nesting.

It can also happen if the client has a browser extension installed which messes with the HTML before React loaded.

https://react.dev/link/hydration-mismatch

  ...
    <HTTPAccessFallbackBoundary notFound={<SegmentViewNode>} forbidden={undefined} unauthorized={undefined}>
      <HTTPAccessFallbackErrorBoundary pathname="/compliance" notFound={<SegmentViewNode>} forbidden={undefined} ...>
        <RedirectBoundary>
          <RedirectErrorBoundary router={{...}}>
            <InnerLayoutRouter url="/compliance" tree={[...]} params={{}} cacheNode={{...}} segmentPath={[...]} ...>
              <SegmentViewNode type="layout" pagePath="(app)/layo...">
                <SegmentTrieNode>
                <script>
                <script>
                <script>
                <script>
                <AppLayout>
                  <AppShell>
                    <div className="flex h-screen">
                      <AppSidebar open={false} onClose={function onClose}>
                        <aside className="hidden md:...">
                          <div>
                          <nav>
                          <div className="px-6 py-4 ...">
                            <LoadableComponent afterSignOutUrl="/">
+                             <Suspense fallback={<loading>}>
-                             <div className="w-8 h-8 rounded-full bg-brand/20 border border-brand/30">
                      ...
            ...

    at throwOnHydrationMismatch (http://localhost:3000/_next/static/chunks/node_modules_next_dist_compiled_react-dom_1e674e59._.js:3348:56)
    at updateSuspenseComponent (http://localhost:3000/_next/static/chunks/node_modules_next_dist_compiled_react-dom_1e674e59._.js:6330:99)
    at beginWork (http://localhost:3000/_next/static/chunks/node_modules_next_dist_compiled_react-dom_1e674e59._.js:6779:24)
    at runWithFiberInDEV (http://localhost:3000/_next/static/chunks/node_modules_next_dist_compiled_react-dom_1e674e59._.js:965:74)
    at performUnitOfWork (http://localhost:3000/_next/static/chunks/node_modules_next_dist_compiled_react-dom_1e674e59._.js:9562:97)
    at workLoopConcurrentByScheduler (http://localhost:3000/_next/static/chunks/node_modules_next_dist_compiled_react-dom_1e674e59._.js:9558:58)
    at renderRootConcurrent (http://localhost:3000/_next/static/chunks/node_modules_next_dist_compiled_react-dom_1e674e59._.js:9541:71)
    at performWorkOnRoot (http://localhost:3000/_next/static/chunks/node_modules_next_dist_compiled_react-dom_1e674e59._.js:9068:150)
    at performWorkOnRootViaSchedulerTask (http://localhost:3000/_next/static/chunks/node_modules_next_dist_compiled_react-dom_1e674e59._.js:10230:9)
    at MessagePort.performWorkUntilDeadline (http://localhost:3000/_next/static/chunks/node_modules_next_dist_compiled_a0e4c7b4._.js:2647:64)
[32195755ms] [WARNING] Clerk: Clerk has been loaded with development keys. Development instances have strict usage limits and should not be used when deploying your application to production. Learn more: https://clerk.com/docs/deployments/overview @ http://localhost:3000/_next/static/chunks/node_modules_next_dist_f3530cac._.js:2298
[32195755ms] [WARNING] Clerk: The prop "afterSignInUrl" is deprecated and should be replaced with the new "fallbackRedirectUrl" or "forceRedirectUrl" props instead. Learn more: https://clerk.com/docs/guides/custom-redirects#redirect-url-props @ http://localhost:3000/_next/static/chunks/node_modules_next_dist_f3530cac._.js:2298
[32195813ms] Error: Hydration failed because the server rendered HTML didn't match the client. As a result this tree will be regenerated on the client. This can happen if a SSR-ed Client Component used:

- A server/client branch `if (typeof window !== 'undefined')`.
- Variable input such as `Date.now()` or `Math.random()` which changes each time it's called.
- Date formatting in a user's locale which doesn't match the server.
- External changing data without sending a snapshot of it along with the HTML.
- Invalid HTML tag nesting.

It can also happen if the client has a browser extension installed which messes with the HTML before React loaded.

https://react.dev/link/hydration-mismatch

  ...
    <HTTPAccessFallbackBoundary notFound={<SegmentViewNode>} forbidden={undefined} unauthorized={undefined}>
      <HTTPAccessFallbackErrorBoundary pathname="/compliance" notFound={<SegmentViewNode>} forbidden={undefined} ...>
        <RedirectBoundary>
          <RedirectErrorBoundary router={{...}}>
            <InnerLayoutRouter url="/compliance" tree={[...]} params={{}} cacheNode={{...}} segmentPath={[...]} ...>
              <SegmentViewNode type="layout" pagePath="(app)/layo...">
                <SegmentTrieNode>
                <script>
                <script>
                <script>
                <script>
                <AppLayout>
                  <AppShell>
                    <div className="flex h-screen">
                      <AppSidebar open={false} onClose={function onClose}>
                        <aside className="hidden md:...">
                          <div>
                          <nav>
                          <div className="px-6 py-4 ...">
                            <LoadableComponent afterSignOutUrl="/">
+                             <Suspense fallback={<loading>}>
-                             <div className="w-8 h-8 rounded-full bg-brand/20 border border-brand/30">
                      ...
            ...

    at throwOnHydrationMismatch (http://localhost:3000/_next/static/chunks/node_modules_next_dist_compiled_react-dom_1e674e59._.js:3349:56)
    at updateSuspenseComponent (http://localhost:3000/_next/static/chunks/node_modules_next_dist_compiled_react-dom_1e674e59._.js:6331:99)
    at beginWork (http://localhost:3000/_next/static/chunks/node_modules_next_dist_compiled_react-dom_1e674e59._.js:6780:24)
    at runWithFiberInDEV (http://localhost:3000/_next/static/chunks/node_modules_next_dist_compiled_react-dom_1e674e59._.js:966:74)
    at performUnitOfWork (http://localhost:3000/_next/static/chunks/node_modules_next_dist_compiled_react-dom_1e674e59._.js:9563:97)
    at workLoopConcurrentByScheduler (http://localhost:3000/_next/static/chunks/node_modules_next_dist_compiled_react-dom_1e674e59._.js:9559:58)
    at renderRootConcurrent (http://localhost:3000/_next/static/chunks/node_modules_next_dist_compiled_react-dom_1e674e59._.js:9542:71)
    at performWorkOnRoot (http://localhost:3000/_next/static/chunks/node_modules_next_dist_compiled_react-dom_1e674e59._.js:9069:150)
    at performWorkOnRootViaSchedulerTask (http://localhost:3000/_next/static/chunks/node_modules_next_dist_compiled_react-dom_1e674e59._.js:10231:9)
    at MessagePort.performWorkUntilDeadline (http://localhost:3000/_next/static/chunks/node_modules_next_dist_compiled_a0e4c7b4._.js:2648:64)
[32242972ms] [WARNING] Clerk: Clerk has been loaded with development keys. Development instances have strict usage limits and should not be used when deploying your application to production. Learn more: https://clerk.com/docs/deployments/overview @ http://localhost:3000/_next/static/chunks/node_modules_next_dist_f3530cac._.js:2298
[32242973ms] [WARNING] Clerk: The prop "afterSignInUrl" is deprecated and should be replaced with the new "fallbackRedirectUrl" or "forceRedirectUrl" props instead. Learn more: https://clerk.com/docs/guides/custom-redirects#redirect-url-props @ http://localhost:3000/_next/static/chunks/node_modules_next_dist_f3530cac._.js:2298
[32243050ms] Error: Hydration failed because the server rendered HTML didn't match the client. As a result this tree will be regenerated on the client. This can happen if a SSR-ed Client Component used:

- A server/client branch `if (typeof window !== 'undefined')`.
- Variable input such as `Date.now()` or `Math.random()` which changes each time it's called.
- Date formatting in a user's locale which doesn't match the server.
- External changing data without sending a snapshot of it along with the HTML.
- Invalid HTML tag nesting.

It can also happen if the client has a browser extension installed which messes with the HTML before React loaded.

https://react.dev/link/hydration-mismatch

  ...
    <HTTPAccessFallbackBoundary notFound={<SegmentViewNode>} forbidden={undefined} unauthorized={undefined}>
      <HTTPAccessFallbackErrorBoundary pathname="/compliance" notFound={<SegmentViewNode>} forbidden={undefined} ...>
        <RedirectBoundary>
          <RedirectErrorBoundary router={{...}}>
            <InnerLayoutRouter url="/compliance" tree={[...]} params={{}} cacheNode={{...}} segmentPath={[...]} ...>
              <SegmentViewNode type="layout" pagePath="(app)/layo...">
                <SegmentTrieNode>
                <script>
                <script>
                <script>
                <script>
                <AppLayout>
                  <AppShell>
                    <div className="flex h-screen">
                      <AppSidebar open={false} onClose={function onClose}>
                        <aside className="hidden md:...">
                          <div>
                          <nav>
                          <div className="px-6 py-4 ...">
                            <LoadableComponent afterSignOutUrl="/">
+                             <Suspense fallback={<loading>}>
-                             <div className="w-8 h-8 rounded-full bg-brand/20 border border-brand/30">
                      ...
            ...

    at throwOnHydrationMismatch (http://localhost:3000/_next/static/chunks/node_modules_next_dist_compiled_react-dom_1e674e59._.js:3349:56)
    at updateSuspenseComponent (http://localhost:3000/_next/static/chunks/node_modules_next_dist_compiled_react-dom_1e674e59._.js:6331:99)
    at beginWork (http://localhost:3000/_next/static/chunks/node_modules_next_dist_compiled_react-dom_1e674e59._.js:6780:24)
    at runWithFiberInDEV (http://localhost:3000/_next/static/chunks/node_modules_next_dist_compiled_react-dom_1e674e59._.js:966:74)
    at performUnitOfWork (http://localhost:3000/_next/static/chunks/node_modules_next_dist_compiled_react-dom_1e674e59._.js:9563:97)
    at workLoopConcurrentByScheduler (http://localhost:3000/_next/static/chunks/node_modules_next_dist_compiled_react-dom_1e674e59._.js:9559:58)
    at renderRootConcurrent (http://localhost:3000/_next/static/chunks/node_modules_next_dist_compiled_react-dom_1e674e59._.js:9542:71)
    at performWorkOnRoot (http://localhost:3000/_next/static/chunks/node_modules_next_dist_compiled_react-dom_1e674e59._.js:9069:150)
    at performWorkOnRootViaSchedulerTask (http://localhost:3000/_next/static/chunks/node_modules_next_dist_compiled_react-dom_1e674e59._.js:10231:9)
    at MessagePort.performWorkUntilDeadline (http://localhost:3000/_next/static/chunks/node_modules_next_dist_compiled_a0e4c7b4._.js:2648:64)
[32286245ms] [WARNING] Clerk: Clerk has been loaded with development keys. Development instances have strict usage limits and should not be used when deploying your application to production. Learn more: https://clerk.com/docs/deployments/overview @ http://localhost:3000/_next/static/chunks/node_modules_next_dist_f3530cac._.js:2297
[32286246ms] [WARNING] Clerk: The prop "afterSignInUrl" is deprecated and should be replaced with the new "fallbackRedirectUrl" or "forceRedirectUrl" props instead. Learn more: https://clerk.com/docs/guides/custom-redirects#redirect-url-props @ http://localhost:3000/_next/static/chunks/node_modules_next_dist_f3530cac._.js:2297
[32286387ms] Error: Hydration failed because the server rendered HTML didn't match the client. As a result this tree will be regenerated on the client. This can happen if a SSR-ed Client Component used:

- A server/client branch `if (typeof window !== 'undefined')`.
- Variable input such as `Date.now()` or `Math.random()` which changes each time it's called.
- Date formatting in a user's locale which doesn't match the server.
- External changing data without sending a snapshot of it along with the HTML.
- Invalid HTML tag nesting.

It can also happen if the client has a browser extension installed which messes with the HTML before React loaded.

https://react.dev/link/hydration-mismatch

  ...
    <HTTPAccessFallbackBoundary notFound={<SegmentViewNode>} forbidden={undefined} unauthorized={undefined}>
      <HTTPAccessFallbackErrorBoundary pathname="/compliance" notFound={<SegmentViewNode>} forbidden={undefined} ...>
        <RedirectBoundary>
          <RedirectErrorBoundary router={{...}}>
            <InnerLayoutRouter url="/compliance" tree={[...]} params={{}} cacheNode={{...}} segmentPath={[...]} ...>
              <SegmentViewNode type="layout" pagePath="(app)/layo...">
                <SegmentTrieNode>
                <script>
                <script>
                <script>
                <script>
                <AppLayout>
                  <AppShell>
                    <div className="flex h-screen">
                      <AppSidebar open={false} onClose={function onClose}>
                        <aside className="hidden md:...">
                          <div>
                          <nav>
                          <div className="px-6 py-4 ...">
                            <LoadableComponent afterSignOutUrl="/">
+                             <Suspense fallback={<loading>}>
-                             <div className="w-8 h-8 rounded-full bg-brand/20 border border-brand/30">
                      ...
            ...

    at throwOnHydrationMismatch (http://localhost:3000/_next/static/chunks/node_modules_next_dist_compiled_react-dom_1e674e59._.js:3348:56)
    at updateSuspenseComponent (http://localhost:3000/_next/static/chunks/node_modules_next_dist_compiled_react-dom_1e674e59._.js:6330:99)
    at beginWork (http://localhost:3000/_next/static/chunks/node_modules_next_dist_compiled_react-dom_1e674e59._.js:6779:24)
    at runWithFiberInDEV (http://localhost:3000/_next/static/chunks/node_modules_next_dist_compiled_react-dom_1e674e59._.js:965:74)
    at performUnitOfWork (http://localhost:3000/_next/static/chunks/node_modules_next_dist_compiled_react-dom_1e674e59._.js:9562:97)
    at workLoopConcurrentByScheduler (http://localhost:3000/_next/static/chunks/node_modules_next_dist_compiled_react-dom_1e674e59._.js:9558:58)
    at renderRootConcurrent (http://localhost:3000/_next/static/chunks/node_modules_next_dist_compiled_react-dom_1e674e59._.js:9541:71)
    at performWorkOnRoot (http://localhost:3000/_next/static/chunks/node_modules_next_dist_compiled_react-dom_1e674e59._.js:9068:150)
    at performWorkOnRootViaSchedulerTask (http://localhost:3000/_next/static/chunks/node_modules_next_dist_compiled_react-dom_1e674e59._.js:10230:9)
    at MessagePort.performWorkUntilDeadline (http://localhost:3000/_next/static/chunks/node_modules_next_dist_compiled_a0e4c7b4._.js:2647:64)
[32415256ms] [WARNING] Clerk: Clerk has been loaded with development keys. Development instances have strict usage limits and should not be used when deploying your application to production. Learn more: https://clerk.com/docs/deployments/overview @ http://localhost:3000/_next/static/chunks/node_modules_next_dist_f3530cac._.js:2297
[32415256ms] [WARNING] Clerk: The prop "afterSignInUrl" is deprecated and should be replaced with the new "fallbackRedirectUrl" or "forceRedirectUrl" props instead. Learn more: https://clerk.com/docs/guides/custom-redirects#redirect-url-props @ http://localhost:3000/_next/static/chunks/node_modules_next_dist_f3530cac._.js:2297
[32415321ms] Error: Hydration failed because the server rendered HTML didn't match the client. As a result this tree will be regenerated on the client. This can happen if a SSR-ed Client Component used:

- A server/client branch `if (typeof window !== 'undefined')`.
- Variable input such as `Date.now()` or `Math.random()` which changes each time it's called.
- Date formatting in a user's locale which doesn't match the server.
- External changing data without sending a snapshot of it along with the HTML.
- Invalid HTML tag nesting.

It can also happen if the client has a browser extension installed which messes with the HTML before React loaded.

https://react.dev/link/hydration-mismatch

  ...
    <HTTPAccessFallbackBoundary notFound={<SegmentViewNode>} forbidden={undefined} unauthorized={undefined}>
      <HTTPAccessFallbackErrorBoundary pathname="/compliance" notFound={<SegmentViewNode>} forbidden={undefined} ...>
        <RedirectBoundary>
          <RedirectErrorBoundary router={{...}}>
            <InnerLayoutRouter url="/compliance" tree={[...]} params={{}} cacheNode={{...}} segmentPath={[...]} ...>
              <SegmentViewNode type="layout" pagePath="(app)/layo...">
                <SegmentTrieNode>
                <script>
                <script>
                <script>
                <script>
                <AppLayout>
                  <AppShell>
                    <div className="flex h-screen">
                      <AppSidebar open={false} onClose={function onClose}>
                        <aside className="hidden md:...">
                          <div>
                          <nav>
                          <div className="px-6 py-4 ...">
                            <LoadableComponent afterSignOutUrl="/">
+                             <Suspense fallback={<loading>}>
-                             <div className="w-8 h-8 rounded-full bg-brand/20 border border-brand/30">
                      ...
            ...

    at throwOnHydrationMismatch (http://localhost:3000/_next/static/chunks/node_modules_next_dist_compiled_react-dom_1e674e59._.js:3348:56)
    at updateSuspenseComponent (http://localhost:3000/_next/static/chunks/node_modules_next_dist_compiled_react-dom_1e674e59._.js:6330:99)
    at beginWork (http://localhost:3000/_next/static/chunks/node_modules_next_dist_compiled_react-dom_1e674e59._.js:6779:24)
    at runWithFiberInDEV (http://localhost:3000/_next/static/chunks/node_modules_next_dist_compiled_react-dom_1e674e59._.js:965:74)
    at performUnitOfWork (http://localhost:3000/_next/static/chunks/node_modules_next_dist_compiled_react-dom_1e674e59._.js:9562:97)
    at workLoopConcurrentByScheduler (http://localhost:3000/_next/static/chunks/node_modules_next_dist_compiled_react-dom_1e674e59._.js:9558:58)
    at renderRootConcurrent (http://localhost:3000/_next/static/chunks/node_modules_next_dist_compiled_react-dom_1e674e59._.js:9541:71)
    at performWorkOnRoot (http://localhost:3000/_next/static/chunks/node_modules_next_dist_compiled_react-dom_1e674e59._.js:9068:150)
    at performWorkOnRootViaSchedulerTask (http://localhost:3000/_next/static/chunks/node_modules_next_dist_compiled_react-dom_1e674e59._.js:10230:9)
    at MessagePort.performWorkUntilDeadline (http://localhost:3000/_next/static/chunks/node_modules_next_dist_compiled_a0e4c7b4._.js:2647:64)
[33112376ms] [WARNING] Clerk: Clerk has been loaded with development keys. Development instances have strict usage limits and should not be used when deploying your application to production. Learn more: https://clerk.com/docs/deployments/overview @ http://localhost:3000/_next/static/chunks/node_modules_next_dist_f3530cac._.js:2297
[33112377ms] [WARNING] Clerk: The prop "afterSignInUrl" is deprecated and should be replaced with the new "fallbackRedirectUrl" or "forceRedirectUrl" props instead. Learn more: https://clerk.com/docs/guides/custom-redirects#redirect-url-props @ http://localhost:3000/_next/static/chunks/node_modules_next_dist_f3530cac._.js:2297
[33112437ms] Error: Hydration failed because the server rendered HTML didn't match the client. As a result this tree will be regenerated on the client. This can happen if a SSR-ed Client Component used:

- A server/client branch `if (typeof window !== 'undefined')`.
- Variable input such as `Date.now()` or `Math.random()` which changes each time it's called.
- Date formatting in a user's locale which doesn't match the server.
- External changing data without sending a snapshot of it along with the HTML.
- Invalid HTML tag nesting.

It can also happen if the client has a browser extension installed which messes with the HTML before React loaded.

https://react.dev/link/hydration-mismatch

  ...
    <HTTPAccessFallbackBoundary notFound={<SegmentViewNode>} forbidden={undefined} unauthorized={undefined}>
      <HTTPAccessFallbackErrorBoundary pathname="/compliance" notFound={<SegmentViewNode>} forbidden={undefined} ...>
        <RedirectBoundary>
          <RedirectErrorBoundary router={{...}}>
            <InnerLayoutRouter url="/compliance" tree={[...]} params={{}} cacheNode={{...}} segmentPath={[...]} ...>
              <SegmentViewNode type="layout" pagePath="(app)/layo...">
                <SegmentTrieNode>
                <script>
                <script>
                <script>
                <script>
                <AppLayout>
                  <AppShell>
                    <div className="flex h-screen">
                      <AppSidebar open={false} onClose={function onClose}>
                        <aside className="hidden md:...">
                          <div>
                          <nav>
                          <div className="px-6 py-4 ...">
                            <LoadableComponent afterSignOutUrl="/">
+                             <Suspense fallback={<loading>}>
-                             <div className="w-8 h-8 rounded-full bg-brand/20 border border-brand/30">
                      ...
            ...

    at throwOnHydrationMismatch (http://localhost:3000/_next/static/chunks/node_modules_next_dist_compiled_react-dom_1e674e59._.js:3348:56)
    at updateSuspenseComponent (http://localhost:3000/_next/static/chunks/node_modules_next_dist_compiled_react-dom_1e674e59._.js:6330:99)
    at beginWork (http://localhost:3000/_next/static/chunks/node_modules_next_dist_compiled_react-dom_1e674e59._.js:6779:24)
    at runWithFiberInDEV (http://localhost:3000/_next/static/chunks/node_modules_next_dist_compiled_react-dom_1e674e59._.js:965:74)
    at performUnitOfWork (http://localhost:3000/_next/static/chunks/node_modules_next_dist_compiled_react-dom_1e674e59._.js:9562:97)
    at workLoopConcurrentByScheduler (http://localhost:3000/_next/static/chunks/node_modules_next_dist_compiled_react-dom_1e674e59._.js:9558:58)
    at renderRootConcurrent (http://localhost:3000/_next/static/chunks/node_modules_next_dist_compiled_react-dom_1e674e59._.js:9541:71)
    at performWorkOnRoot (http://localhost:3000/_next/static/chunks/node_modules_next_dist_compiled_react-dom_1e674e59._.js:9068:150)
    at performWorkOnRootViaSchedulerTask (http://localhost:3000/_next/static/chunks/node_modules_next_dist_compiled_react-dom_1e674e59._.js:10230:9)
    at MessagePort.performWorkUntilDeadline (http://localhost:3000/_next/static/chunks/node_modules_next_dist_compiled_a0e4c7b4._.js:2647:64)
[33212649ms] [ERROR] Failed to load resource: net::ERR_NETWORK_CHANGED @ https://primary-gelding-64.clerk.accounts.dev/v1/client/sessions/sess_3AFHfRZRUeQxYLniAkBwTdWNMJ5/tokens?__clerk_api_version=2025-11-10&_clerk_js_version=5.125.2&__clerk_db_jwt=dvb_3AFHbNeTn4n64cGnpuCeSO4Aiqj:0
[33215657ms] [ERROR] Failed to load resource: net::ERR_INTERNET_DISCONNECTED @ https://primary-gelding-64.clerk.accounts.dev/v1/client/sessions/sess_3AFHfRZRUeQxYLniAkBwTdWNMJ5/tokens?__clerk_api_version=2025-11-10&_clerk_js_version=5.125.2&__clerk_db_jwt=dvb_3AFHbNeTn4n64cGnpuCeSO4Aiqj:0
[33220673ms] [ERROR] Failed to load resource: net::ERR_INTERNET_DISCONNECTED @ https://primary-gelding-64.clerk.accounts.dev/v1/client/sessions/sess_3AFHfRZRUeQxYLniAkBwTdWNMJ5/tokens?__clerk_api_version=2025-11-10&_clerk_js_version=5.125.2&__clerk_db_jwt=dvb_3AFHbNeTn4n64cGnpuCeSO4Aiqj:0
[33225686ms] [ERROR] Failed to load resource: net::ERR_INTERNET_DISCONNECTED @ https://primary-gelding-64.clerk.accounts.dev/v1/client/sessions/sess_3AFHfRZRUeQxYLniAkBwTdWNMJ5/tokens?__clerk_api_version=2025-11-10&_clerk_js_version=5.125.2&__clerk_db_jwt=dvb_3AFHbNeTn4n64cGnpuCeSO4Aiqj:0
[33230697ms] [ERROR] Failed to load resource: net::ERR_INTERNET_DISCONNECTED @ https://primary-gelding-64.clerk.accounts.dev/v1/client/sessions/sess_3AFHfRZRUeQxYLniAkBwTdWNMJ5/tokens?__clerk_api_version=2025-11-10&_clerk_js_version=5.125.2&__clerk_db_jwt=dvb_3AFHbNeTn4n64cGnpuCeSO4Aiqj:0
[33235706ms] [ERROR] Failed to load resource: net::ERR_INTERNET_DISCONNECTED @ https://primary-gelding-64.clerk.accounts.dev/v1/client/sessions/sess_3AFHfRZRUeQxYLniAkBwTdWNMJ5/tokens?__clerk_api_version=2025-11-10&_clerk_js_version=5.125.2&__clerk_db_jwt=dvb_3AFHbNeTn4n64cGnpuCeSO4Aiqj:0
[33240717ms] [ERROR] Failed to load resource: net::ERR_INTERNET_DISCONNECTED @ https://primary-gelding-64.clerk.accounts.dev/v1/client/sessions/sess_3AFHfRZRUeQxYLniAkBwTdWNMJ5/tokens?__clerk_api_version=2025-11-10&_clerk_js_version=5.125.2&__clerk_db_jwt=dvb_3AFHbNeTn4n64cGnpuCeSO4Aiqj:0
[33245724ms] [ERROR] Failed to load resource: net::ERR_INTERNET_DISCONNECTED @ https://primary-gelding-64.clerk.accounts.dev/v1/client/sessions/sess_3AFHfRZRUeQxYLniAkBwTdWNMJ5/tokens?__clerk_api_version=2025-11-10&_clerk_js_version=5.125.2&__clerk_db_jwt=dvb_3AFHbNeTn4n64cGnpuCeSO4Aiqj:0
[33250733ms] [ERROR] Failed to load resource: net::ERR_INTERNET_DISCONNECTED @ https://primary-gelding-64.clerk.accounts.dev/v1/client/sessions/sess_3AFHfRZRUeQxYLniAkBwTdWNMJ5/tokens?__clerk_api_version=2025-11-10&_clerk_js_version=5.125.2&__clerk_db_jwt=dvb_3AFHbNeTn4n64cGnpuCeSO4Aiqj:0
[33255746ms] [ERROR] Failed to load resource: net::ERR_INTERNET_DISCONNECTED @ https://primary-gelding-64.clerk.accounts.dev/v1/client/sessions/sess_3AFHfRZRUeQxYLniAkBwTdWNMJ5/tokens?__clerk_api_version=2025-11-10&_clerk_js_version=5.125.2&__clerk_db_jwt=dvb_3AFHbNeTn4n64cGnpuCeSO4Aiqj:0
[33261754ms] [ERROR] Failed to load resource: net::ERR_NAME_NOT_RESOLVED @ https://primary-gelding-64.clerk.accounts.dev/v1/client/sessions/sess_3AFHfRZRUeQxYLniAkBwTdWNMJ5/tokens?__clerk_api_version=2025-11-10&_clerk_js_version=5.125.2&__clerk_db_jwt=dvb_3AFHbNeTn4n64cGnpuCeSO4Aiqj:0
[33613049ms] [ERROR] ./src/middleware.ts:56:1
Parsing ecmascript source code failed
  54 | function isPublicRoute(pathname: string): boolean {
  55 |   return PUBLIC_PATTERNS.some((pattern) => pattern.test(pathname));
> 56 | >>>>>>> migration/neon-database
     | ^^^^^^^
  57 | }
  58 |
  59 | export default async function middleware(request: NextRequest) {

Merge conflict marker encountered. @ http://localhost:3000/_next/static/chunks/node_modules_next_dist_f3530cac._.js:3127
[33613262ms] [ERROR] ./src/middleware.ts:56:1
Parsing ecmascript source code failed
  54 | function isPublicRoute(pathname: string): boolean {
  55 |   return PUBLIC_PATTERNS.some((pattern) => pattern.test(pathname));
> 56 | >>>>>>> migration/neon-database
     | ^^^^^^^
  57 | }
  58 |
  59 | export default async function middleware(request: NextRequest) {

Merge conflict marker encountered. @ http://localhost:3000/_next/static/chunks/node_modules_next_dist_f3530cac._.js:3127
[33613672ms] [ERROR] ./src/middleware.ts:56:1
Parsing ecmascript source code failed
  54 | function isPublicRoute(pathname: string): boolean {
  55 |   return PUBLIC_PATTERNS.some((pattern) => pattern.test(pathname));
> 56 | >>>>>>> migration/neon-database
     | ^^^^^^^
  57 | }
  58 |
  59 | export default async function middleware(request: NextRequest) {

Merge conflict marker encountered. @ http://localhost:3000/_next/static/chunks/node_modules_next_dist_f3530cac._.js:3127
[33613675ms] [ERROR] Failed to load resource: the server responded with a status of 500 (Internal Server Error) @ http://localhost:3000/compliance?_rsc=1c91n:0
[33613787ms] [ERROR] Failed to load resource: the server responded with a status of 500 (Internal Server Error) @ http://localhost:3000/compliance?_rsc=1c91n:0
[33613827ms] [ERROR] Failed to load resource: the server responded with a status of 500 (Internal Server Error) @ http://localhost:3000/compliance:0
[33614770ms] Error: ./src/middleware.ts:56:1
Parsing ecmascript source code failed
  54 | function isPublicRoute(pathname: string): boolean {
  55 |   return PUBLIC_PATTERNS.some((pattern) => pattern.test(pathname));
> 56 | >>>>>>> migration/neon-database
     | ^^^^^^^
  57 | }
  58 |
  59 | export default async function middleware(request: NextRequest) {

Merge conflict marker encountered.


    at <unknown> (Error: ./src/middleware.ts:56:1)
    at Object.getCompilationErrors (file:///Users/shaileshsingh/codename ScholarSync/node_modules/next/dist/server/dev/hot-reloader-turbopack.js:997:55)
    at DevBundlerService.getCompilationError (file:///Users/shaileshsingh/codename ScholarSync/node_modules/next/dist/server/lib/dev-bundler-service.js:44:55)
    at DevServer.getCompilationError (file:///Users/shaileshsingh/codename ScholarSync/node_modules/next/dist/server/dev/next-dev-server.js:706:42)
    at DevServer.findPageComponents (file:///Users/shaileshsingh/codename ScholarSync/node_modules/next/dist/server/dev/next-dev-server.js:676:43)
    at async DevServer.renderErrorToResponseImpl (file:///Users/shaileshsingh/codename ScholarSync/node_modules/next/dist/server/base-server.js:1733:26)
[33614804ms] [ERROR] Failed to load resource: the server responded with a status of 500 (Internal Server Error) @ http://localhost:3000/favicon.ico:0
[33614810ms] [ERROR] ./src/middleware.ts:56:1
Parsing ecmascript source code failed
  54 | function isPublicRoute(pathname: string): boolean {
  55 |   return PUBLIC_PATTERNS.some((pattern) => pattern.test(pathname));
> 56 | >>>>>>> migration/neon-database
     | ^^^^^^^
  57 | }
  58 |
  59 | export default async function middleware(request: NextRequest) {

Merge conflict marker encountered. @ http://localhost:3000/_next/static/chunks/node_modules_next_dist_b3fb3b5f._.js:1920
[33614836ms] [ERROR] ./src/middleware.ts:56:1
Parsing ecmascript source code failed
  54 | function isPublicRoute(pathname: string): boolean {
  55 |   return PUBLIC_PATTERNS.some((pattern) => pattern.test(pathname));
> 56 | >>>>>>> migration/neon-database
     | ^^^^^^^
  57 | }
  58 |
  59 | export default async function middleware(request: NextRequest) {

Merge conflict marker encountered. @ http://localhost:3000/_next/static/chunks/node_modules_next_dist_b3fb3b5f._.js:1920
[33662486ms] [WARNING] Clerk: Clerk has been loaded with development keys. Development instances have strict usage limits and should not be used when deploying your application to production. Learn more: https://clerk.com/docs/deployments/overview @ http://localhost:3000/_next/static/chunks/node_modules_next_dist_f3530cac._.js:2297
[33662486ms] [WARNING] Clerk: The prop "afterSignInUrl" is deprecated and should be replaced with the new "fallbackRedirectUrl" or "forceRedirectUrl" props instead. Learn more: https://clerk.com/docs/guides/custom-redirects#redirect-url-props @ http://localhost:3000/_next/static/chunks/node_modules_next_dist_f3530cac._.js:2297
[33662618ms] Error: An unexpected response was received from the server.
    at fetchServerAction (http://localhost:3000/_next/static/chunks/node_modules_next_dist_client_17643121._.js:8865:37)
[33664487ms] [ERROR] %o

%s Error: Failed query: select "id", "email", "full_name", "avatar_url", "degree_level", "specialty", "country", "bio", "research_interests", "plan", "subscription_id", "tokens_used_this_month", "tokens_limit", "tokens_used_total", "searches_used_this_month", "plagiarism_checks_used", "exports_used_this_month", "deep_research_used", "usage_reset_date", "preferred_language", "default_citation_style", "orcid_id", "institution_id", "onboarding_completed", "created_at", "updated_at", "last_active_at", "deleted_at" from "users" where "users"."id" = $1
params: user_39hi8dKxQXoINNiqCTDGcFaaRwO
    at  ensureUser (about://React/Server/file:///Users/shaileshsingh/codename%20ScholarSync/.next/dev/server/chunks/ssr/%5Broot-of-the-server%5D__44171f73._.js?67:4422:24)
    at  getDashboardData (about://React/Server/file:///Users/shaileshsingh/codename%20ScholarSync/.next/dev/server/chunks/ssr/%5Broot-of-the-server%5D__44171f73._.js?68:4508:5)
    at  DashboardPage (about://React/Server/file:///Users/shaileshsingh/codename%20ScholarSync/.next/dev/server/chunks/ssr/%5Broot-of-the-server%5D__76f39126._.js?69:89:18)
    at resolveErrorDev (http://localhost:3000/_next/static/chunks/node_modules_next_dist_compiled_react-server-dom-turbopack_9212ccad._.js:1894:148)
    at processFullStringRow (http://localhost:3000/_next/static/chunks/node_modules_next_dist_compiled_react-server-dom-turbopack_9212ccad._.js:2402:29)
    at processFullBinaryRow (http://localhost:3000/_next/static/chunks/node_modules_next_dist_compiled_react-server-dom-turbopack_9212ccad._.js:2361:9)
    at processBinaryChunk (http://localhost:3000/_next/static/chunks/node_modules_next_dist_compiled_react-server-dom-turbopack_9212ccad._.js:2470:221)
    at progress (http://localhost:3000/_next/static/chunks/node_modules_next_dist_compiled_react-server-dom-turbopack_9212ccad._.js:2640:13) The above error occurred in the <DashboardPage> component. It was handled by the <ErrorBoundaryHandler> error boundary. @ http://localhost:3000/_next/static/chunks/node_modules_next_dist_client_17643121._.js:1342
[33756987ms] [ERROR] %o

%s Error: Failed query: select "id", "email", "full_name", "avatar_url", "degree_level", "specialty", "country", "bio", "research_interests", "plan", "subscription_id", "tokens_used_this_month", "tokens_limit", "tokens_used_total", "searches_used_this_month", "plagiarism_checks_used", "exports_used_this_month", "deep_research_used", "usage_reset_date", "preferred_language", "default_citation_style", "orcid_id", "institution_id", "onboarding_completed", "created_at", "updated_at", "last_active_at", "deleted_at" from "users" where "users"."id" = $1
params: user_39hi8dKxQXoINNiqCTDGcFaaRwO
    at  ensureUser (about://React/Server/file:///Users/shaileshsingh/codename%20ScholarSync/.next/dev/server/chunks/ssr/%5Broot-of-the-server%5D__44171f73._.js?85:4444:24)
    at  getDashboardData (about://React/Server/file:///Users/shaileshsingh/codename%20ScholarSync/.next/dev/server/chunks/ssr/%5Broot-of-the-server%5D__44171f73._.js?86:4530:5)
    at  DashboardPage (about://React/Server/file:///Users/shaileshsingh/codename%20ScholarSync/.next/dev/server/chunks/ssr/%5Broot-of-the-server%5D__76f39126._.js?69:89:18)
    at resolveErrorDev (http://localhost:3000/_next/static/chunks/node_modules_next_dist_compiled_react-server-dom-turbopack_9212ccad._.js:1894:148)
    at processFullStringRow (http://localhost:3000/_next/static/chunks/node_modules_next_dist_compiled_react-server-dom-turbopack_9212ccad._.js:2402:29)
    at processFullBinaryRow (http://localhost:3000/_next/static/chunks/node_modules_next_dist_compiled_react-server-dom-turbopack_9212ccad._.js:2361:9)
    at processBinaryChunk (http://localhost:3000/_next/static/chunks/node_modules_next_dist_compiled_react-server-dom-turbopack_9212ccad._.js:2470:221)
    at progress (http://localhost:3000/_next/static/chunks/node_modules_next_dist_compiled_react-server-dom-turbopack_9212ccad._.js:2640:13) The above error occurred in the <DashboardPage> component. It was handled by the <ErrorBoundaryHandler> error boundary. @ http://localhost:3000/_next/static/chunks/node_modules_next_dist_client_17643121._.js:1342
[33902732ms] [ERROR] Failed to load resource: net::ERR_NAME_NOT_RESOLVED @ https://primary-gelding-64.clerk.accounts.dev/v1/client/sessions/sess_3AFHfRZRUeQxYLniAkBwTdWNMJ5/tokens?__clerk_api_version=2025-11-10&_clerk_js_version=5.125.2&__clerk_db_jwt=dvb_3AFHbNeTn4n64cGnpuCeSO4Aiqj:0
